mode: atomic
github.com/intelops/compage/gen/api/v1/project.pb.go:35.39,37.29 2 0
github.com/intelops/compage/gen/api/v1/project.pb.go:37.29,41.3 3 0
github.com/intelops/compage/gen/api/v1/project.pb.go:44.47,46.2 1 0
github.com/intelops/compage/gen/api/v1/project.pb.go:48.45,48.46 0 0
github.com/intelops/compage/gen/api/v1/project.pb.go:50.67,52.41 2 0
github.com/intelops/compage/gen/api/v1/project.pb.go:52.41,54.34 2 0
github.com/intelops/compage/gen/api/v1/project.pb.go:54.34,56.4 1 0
github.com/intelops/compage/gen/api/v1/project.pb.go:57.3,57.12 1 0
github.com/intelops/compage/gen/api/v1/project.pb.go:59.2,59.24 1 0
github.com/intelops/compage/gen/api/v1/project.pb.go:63.58,65.2 1 0
github.com/intelops/compage/gen/api/v1/project.pb.go:67.48,68.14 1 0
github.com/intelops/compage/gen/api/v1/project.pb.go:68.14,70.3 1 0
github.com/intelops/compage/gen/api/v1/project.pb.go:71.2,71.11 1 0
github.com/intelops/compage/gen/api/v1/project.pb.go:74.52,75.14 1 0
github.com/intelops/compage/gen/api/v1/project.pb.go:75.14,77.3 1 0
github.com/intelops/compage/gen/api/v1/project.pb.go:78.2,78.11 1 0
github.com/intelops/compage/gen/api/v1/project.pb.go:81.55,82.14 1 0
github.com/intelops/compage/gen/api/v1/project.pb.go:82.14,84.3 1 0
github.com/intelops/compage/gen/api/v1/project.pb.go:85.2,85.11 1 0
github.com/intelops/compage/gen/api/v1/project.pb.go:88.58,89.14 1 0
github.com/intelops/compage/gen/api/v1/project.pb.go:89.14,91.3 1 0
github.com/intelops/compage/gen/api/v1/project.pb.go:92.2,92.11 1 0
github.com/intelops/compage/gen/api/v1/project.pb.go:95.52,96.14 1 0
github.com/intelops/compage/gen/api/v1/project.pb.go:96.14,98.3 1 0
github.com/intelops/compage/gen/api/v1/project.pb.go:99.2,99.11 1 0
github.com/intelops/compage/gen/api/v1/project.pb.go:110.40,112.29 2 0
github.com/intelops/compage/gen/api/v1/project.pb.go:112.29,116.3 3 0
github.com/intelops/compage/gen/api/v1/project.pb.go:119.48,121.2 1 0
github.com/intelops/compage/gen/api/v1/project.pb.go:123.46,123.47 0 0
github.com/intelops/compage/gen/api/v1/project.pb.go:125.68,127.41 2 0
github.com/intelops/compage/gen/api/v1/project.pb.go:127.41,129.34 2 0
github.com/intelops/compage/gen/api/v1/project.pb.go:129.34,131.4 1 0
github.com/intelops/compage/gen/api/v1/project.pb.go:132.3,132.12 1 0
github.com/intelops/compage/gen/api/v1/project.pb.go:134.2,134.24 1 0
github.com/intelops/compage/gen/api/v1/project.pb.go:138.59,140.2 1 0
github.com/intelops/compage/gen/api/v1/project.pb.go:142.54,143.14 1 0
github.com/intelops/compage/gen/api/v1/project.pb.go:143.14,145.3 1 0
github.com/intelops/compage/gen/api/v1/project.pb.go:146.2,146.12 1 0
github.com/intelops/compage/gen/api/v1/project.pb.go:191.53,192.50 1 0
github.com/intelops/compage/gen/api/v1/project.pb.go:192.50,194.3 1 0
github.com/intelops/compage/gen/api/v1/project.pb.go:195.2,195.46 1 0
github.com/intelops/compage/gen/api/v1/project.pb.go:215.13,215.49 1 1
github.com/intelops/compage/gen/api/v1/project.pb.go:216.39,217.38 1 1
github.com/intelops/compage/gen/api/v1/project.pb.go:217.38,219.3 1 0
github.com/intelops/compage/gen/api/v1/project.pb.go:220.2,220.30 1 1
github.com/intelops/compage/gen/api/v1/project.pb.go:220.30,221.91 1 0
github.com/intelops/compage/gen/api/v1/project.pb.go:221.91,222.44 1 0
github.com/intelops/compage/gen/api/v1/project.pb.go:223.11,224.20 1 0
github.com/intelops/compage/gen/api/v1/project.pb.go:225.11,226.24 1 0
github.com/intelops/compage/gen/api/v1/project.pb.go:227.11,228.28 1 0
github.com/intelops/compage/gen/api/v1/project.pb.go:229.12,230.15 1 0
github.com/intelops/compage/gen/api/v1/project.pb.go:233.3,233.91 1 0
github.com/intelops/compage/gen/api/v1/project.pb.go:233.91,234.45 1 0
github.com/intelops/compage/gen/api/v1/project.pb.go:235.11,236.20 1 0
github.com/intelops/compage/gen/api/v1/project.pb.go:237.11,238.24 1 0
github.com/intelops/compage/gen/api/v1/project.pb.go:239.11,240.28 1 0
github.com/intelops/compage/gen/api/v1/project.pb.go:241.12,242.15 1 0
github.com/intelops/compage/gen/api/v1/project.pb.go:246.2,263.41 6 1
github.com/intelops/compage/gen/api/v1/project_grpc.pb.go:33.80,35.2 1 0
github.com/intelops/compage/gen/api/v1/project_grpc.pb.go:37.159,39.16 2 0
github.com/intelops/compage/gen/api/v1/project_grpc.pb.go:39.16,41.3 1 0
github.com/intelops/compage/gen/api/v1/project_grpc.pb.go:42.2,43.51 2 0
github.com/intelops/compage/gen/api/v1/project_grpc.pb.go:43.51,45.3 1 0
github.com/intelops/compage/gen/api/v1/project_grpc.pb.go:46.2,46.51 1 0
github.com/intelops/compage/gen/api/v1/project_grpc.pb.go:46.51,48.3 1 0
github.com/intelops/compage/gen/api/v1/project_grpc.pb.go:49.2,49.15 1 0
github.com/intelops/compage/gen/api/v1/project_grpc.pb.go:61.82,63.50 2 0
github.com/intelops/compage/gen/api/v1/project_grpc.pb.go:63.50,65.3 1 0
github.com/intelops/compage/gen/api/v1/project_grpc.pb.go:66.2,66.15 1 0
github.com/intelops/compage/gen/api/v1/project_grpc.pb.go:69.163,71.16 2 0
github.com/intelops/compage/gen/api/v1/project_grpc.pb.go:71.16,73.3 1 0
github.com/intelops/compage/gen/api/v1/project_grpc.pb.go:74.2,75.51 2 0
github.com/intelops/compage/gen/api/v1/project_grpc.pb.go:75.51,77.3 1 0
github.com/intelops/compage/gen/api/v1/project_grpc.pb.go:78.2,78.51 1 0
github.com/intelops/compage/gen/api/v1/project_grpc.pb.go:78.51,80.3 1 0
github.com/intelops/compage/gen/api/v1/project_grpc.pb.go:81.2,81.15 1 0
github.com/intelops/compage/gen/api/v1/project_grpc.pb.go:93.84,95.50 2 0
github.com/intelops/compage/gen/api/v1/project_grpc.pb.go:95.50,97.3 1 0
github.com/intelops/compage/gen/api/v1/project_grpc.pb.go:98.2,98.15 1 0
github.com/intelops/compage/gen/api/v1/project_grpc.pb.go:113.118,115.2 1 0
github.com/intelops/compage/gen/api/v1/project_grpc.pb.go:116.122,118.2 1 0
github.com/intelops/compage/gen/api/v1/project_grpc.pb.go:127.86,129.2 1 0
github.com/intelops/compage/gen/api/v1/project_grpc.pb.go:131.92,133.42 2 0
github.com/intelops/compage/gen/api/v1/project_grpc.pb.go:133.42,135.3 1 0
github.com/intelops/compage/gen/api/v1/project_grpc.pb.go:136.2,136.94 1 0
github.com/intelops/compage/gen/api/v1/project_grpc.pb.go:148.80,150.2 1 0
github.com/intelops/compage/gen/api/v1/project_grpc.pb.go:152.94,154.42 2 0
github.com/intelops/compage/gen/api/v1/project_grpc.pb.go:154.42,156.3 1 0
github.com/intelops/compage/gen/api/v1/project_grpc.pb.go:157.2,157.98 1 0
github.com/intelops/compage/gen/api/v1/project_grpc.pb.go:169.82,171.2 1 0
github.com/intelops/compage/internal/converter/converter.go:13.46,14.18 1 0
github.com/intelops/compage/internal/converter/converter.go:14.18,16.17 2 0
github.com/intelops/compage/internal/converter/converter.go:16.17,18.4 1 0
github.com/intelops/compage/internal/converter/converter.go:19.3,19.28 1 0
github.com/intelops/compage/internal/converter/converter.go:21.2,21.11 1 0
github.com/intelops/compage/internal/converter/converter.go:25.46,26.18 1 0
github.com/intelops/compage/internal/converter/converter.go:26.18,28.17 2 0
github.com/intelops/compage/internal/converter/converter.go:28.17,30.4 1 0
github.com/intelops/compage/internal/converter/converter.go:31.3,31.28 1 0
github.com/intelops/compage/internal/converter/converter.go:33.2,33.11 1 0
github.com/intelops/compage/internal/converter/converter.go:37.66,39.23 1 27
github.com/intelops/compage/internal/converter/converter.go:39.23,41.3 1 27
github.com/intelops/compage/internal/converter/converter.go:43.2,43.23 1 27
github.com/intelops/compage/internal/converter/converter.go:43.23,45.3 1 27
github.com/intelops/compage/internal/converter/converter.go:46.2,46.10 1 27
github.com/intelops/compage/internal/converter/converter.go:50.67,52.63 2 27
github.com/intelops/compage/internal/converter/converter.go:52.63,54.3 1 0
github.com/intelops/compage/internal/converter/converter.go:55.2,57.17 3 27
github.com/intelops/compage/internal/converter/converter.go:57.17,59.3 1 0
github.com/intelops/compage/internal/converter/converter.go:60.2,61.71 2 27
github.com/intelops/compage/internal/converter/converter.go:61.71,63.3 1 0
github.com/intelops/compage/internal/converter/converter.go:66.2,66.48 1 27
github.com/intelops/compage/internal/converter/converter.go:66.48,68.3 1 0
github.com/intelops/compage/internal/converter/converter.go:70.2,70.25 1 27
github.com/intelops/compage/internal/converter/converter.go:74.52,76.38 1 27
github.com/intelops/compage/internal/converter/converter.go:76.38,78.32 1 30
github.com/intelops/compage/internal/converter/converter.go:78.32,80.4 1 0
github.com/intelops/compage/internal/converter/converter.go:82.3,82.36 1 30
github.com/intelops/compage/internal/converter/converter.go:82.36,84.4 1 0
github.com/intelops/compage/internal/converter/converter.go:86.3,86.83 1 30
github.com/intelops/compage/internal/converter/converter.go:86.83,88.4 1 0
github.com/intelops/compage/internal/converter/converter.go:95.2,95.12 1 27
github.com/intelops/compage/internal/converter/converter.go:99.63,101.75 2 27
github.com/intelops/compage/internal/converter/converter.go:101.75,103.3 1 27
github.com/intelops/compage/internal/converter/converter.go:104.2,104.17 1 0
github.com/intelops/compage/internal/converter/grpc/converter.go:11.76,13.16 2 27
github.com/intelops/compage/internal/converter/grpc/converter.go:13.16,15.3 1 0
github.com/intelops/compage/internal/converter/grpc/converter.go:17.2,29.8 1 27
github.com/intelops/compage/internal/handlers/projects.go:22.46,25.66 2 27
github.com/intelops/compage/internal/handlers/projects.go:25.66,27.3 1 0
github.com/intelops/compage/internal/handlers/projects.go:30.2,31.48 2 27
github.com/intelops/compage/internal/handlers/projects.go:31.48,33.17 2 30
github.com/intelops/compage/internal/handlers/projects.go:33.17,36.4 2 1
github.com/intelops/compage/internal/handlers/projects.go:40.2,41.65 2 26
github.com/intelops/compage/internal/handlers/projects.go:41.65,43.3 1 0
github.com/intelops/compage/internal/handlers/projects.go:46.2,47.56 2 26
github.com/intelops/compage/internal/handlers/projects.go:47.56,49.3 1 0
github.com/intelops/compage/internal/handlers/projects.go:51.2,51.12 1 26
github.com/intelops/compage/internal/handlers/projects.go:54.79,60.16 4 30
github.com/intelops/compage/internal/handlers/projects.go:60.16,64.3 2 0
github.com/intelops/compage/internal/handlers/projects.go:67.2,74.69 4 30
github.com/intelops/compage/internal/handlers/projects.go:74.69,77.3 2 0
github.com/intelops/compage/internal/handlers/projects.go:79.2,80.16 2 30
github.com/intelops/compage/internal/handlers/projects.go:80.16,83.3 2 1
github.com/intelops/compage/internal/handlers/projects.go:84.2,84.12 1 29
github.com/intelops/compage/internal/handlers/projects.go:87.98,89.43 1 30
github.com/intelops/compage/internal/handlers/projects.go:89.43,92.49 2 22
github.com/intelops/compage/internal/handlers/projects.go:92.49,95.4 2 1
github.com/intelops/compage/internal/handlers/projects.go:96.8,96.54 1 8
github.com/intelops/compage/internal/handlers/projects.go:96.54,99.53 2 1
github.com/intelops/compage/internal/handlers/projects.go:99.53,102.4 2 0
github.com/intelops/compage/internal/handlers/projects.go:103.8,103.52 1 7
github.com/intelops/compage/internal/handlers/projects.go:103.52,106.49 2 3
github.com/intelops/compage/internal/handlers/projects.go:106.49,109.4 2 0
github.com/intelops/compage/internal/handlers/projects.go:110.8,110.52 1 4
github.com/intelops/compage/internal/handlers/projects.go:110.52,113.49 2 1
github.com/intelops/compage/internal/handlers/projects.go:113.49,116.4 2 0
github.com/intelops/compage/internal/handlers/projects.go:117.8,117.58 1 3
github.com/intelops/compage/internal/handlers/projects.go:117.58,120.61 2 1
github.com/intelops/compage/internal/handlers/projects.go:120.61,123.4 2 0
github.com/intelops/compage/internal/handlers/projects.go:124.8,124.58 1 2
github.com/intelops/compage/internal/handlers/projects.go:124.58,127.61 2 0
github.com/intelops/compage/internal/handlers/projects.go:127.61,130.4 2 0
github.com/intelops/compage/internal/handlers/projects.go:131.8,131.52 1 2
github.com/intelops/compage/internal/handlers/projects.go:131.52,134.49 2 2
github.com/intelops/compage/internal/handlers/projects.go:134.49,137.4 2 0
github.com/intelops/compage/internal/handlers/projects.go:139.2,139.12 1 29
github.com/intelops/compage/internal/integrations/deepsource/copier.go:19.47,35.2 2 26
github.com/intelops/compage/internal/integrations/deepsource/copier.go:38.47,40.63 2 26
github.com/intelops/compage/internal/integrations/deepsource/copier.go:40.63,42.3 1 0
github.com/intelops/compage/internal/integrations/deepsource/copier.go:44.2,48.16 4 26
github.com/intelops/compage/internal/integrations/deepsource/copier.go:48.16,50.3 1 0
github.com/intelops/compage/internal/integrations/deepsource/copier.go:51.2,52.44 2 26
github.com/intelops/compage/internal/integrations/readme/copier.go:19.47,35.2 2 26
github.com/intelops/compage/internal/integrations/readme/copier.go:38.42,40.63 2 26
github.com/intelops/compage/internal/integrations/readme/copier.go:40.63,42.3 1 0
github.com/intelops/compage/internal/integrations/readme/copier.go:44.2,48.16 4 26
github.com/intelops/compage/internal/integrations/readme/copier.go:48.16,50.3 1 0
github.com/intelops/compage/internal/integrations/readme/copier.go:51.2,52.44 2 26
github.com/intelops/compage/internal/languages/context.go:11.37,13.2 1 0
github.com/intelops/compage/internal/languages/context.go:34.48,36.2 1 207
github.com/intelops/compage/internal/languages/context.go:38.113,58.2 4 30
github.com/intelops/compage/internal/languages/languages.go:34.97,48.66 5 30
github.com/intelops/compage/internal/languages/languages.go:48.66,51.3 2 0
github.com/intelops/compage/internal/languages/languages.go:52.2,52.26 1 30
github.com/intelops/compage/internal/languages/languages.go:55.67,56.39 1 30
github.com/intelops/compage/internal/languages/languages.go:56.39,62.48 4 1
github.com/intelops/compage/internal/languages/languages.go:62.48,64.4 1 0
github.com/intelops/compage/internal/languages/languages.go:67.3,67.95 1 1
github.com/intelops/compage/internal/languages/languages.go:67.95,69.73 1 1
github.com/intelops/compage/internal/languages/languages.go:69.73,72.45 3 1
github.com/intelops/compage/internal/languages/languages.go:72.45,76.6 2 3
github.com/intelops/compage/internal/languages/languages.go:77.5,77.29 1 1
github.com/intelops/compage/internal/languages/languages.go:79.4,79.68 1 1
github.com/intelops/compage/internal/languages/languages.go:84.69,85.41 1 30
github.com/intelops/compage/internal/languages/languages.go:85.41,91.50 4 10
github.com/intelops/compage/internal/languages/languages.go:91.50,93.4 1 1
github.com/intelops/compage/internal/languages/languages.go:96.3,96.99 1 10
github.com/intelops/compage/internal/languages/languages.go:96.99,98.75 1 9
github.com/intelops/compage/internal/languages/languages.go:98.75,101.45 3 9
github.com/intelops/compage/internal/languages/languages.go:101.45,105.6 2 49
github.com/intelops/compage/internal/languages/languages.go:106.5,106.29 1 9
github.com/intelops/compage/internal/languages/languages.go:108.4,108.72 1 9
github.com/intelops/compage/internal/languages/languages.go:113.69,114.41 1 30
github.com/intelops/compage/internal/languages/languages.go:114.41,119.50 4 23
github.com/intelops/compage/internal/languages/languages.go:119.50,121.4 1 3
github.com/intelops/compage/internal/languages/languages.go:123.3,123.99 1 23
github.com/intelops/compage/internal/languages/languages.go:123.99,125.75 1 22
github.com/intelops/compage/internal/languages/languages.go:125.75,128.45 3 17
github.com/intelops/compage/internal/languages/languages.go:128.45,132.6 2 52
github.com/intelops/compage/internal/languages/languages.go:133.5,133.29 1 17
github.com/intelops/compage/internal/languages/languages.go:135.4,135.72 1 22
github.com/intelops/compage/internal/languages/languages.go:141.88,148.16 4 30
github.com/intelops/compage/internal/languages/languages.go:148.16,151.3 2 0
github.com/intelops/compage/internal/languages/languages.go:152.2,152.12 1 30
github.com/intelops/compage/internal/languages/languages.go:155.82,156.86 1 30
github.com/intelops/compage/internal/languages/languages.go:156.86,158.62 1 0
github.com/intelops/compage/internal/languages/languages.go:158.62,160.50 1 0
github.com/intelops/compage/internal/languages/languages.go:160.50,161.46 1 0
github.com/intelops/compage/internal/languages/languages.go:161.46,163.11 2 0
github.com/intelops/compage/internal/languages/languages.go:167.3,168.38 1 0
github.com/intelops/compage/internal/languages/languages.go:170.2,170.12 1 30
github.com/intelops/compage/internal/languages/languages.go:173.79,174.90 1 30
github.com/intelops/compage/internal/languages/languages.go:174.90,176.64 1 1
github.com/intelops/compage/internal/languages/languages.go:176.64,178.50 1 1
github.com/intelops/compage/internal/languages/languages.go:178.50,179.46 1 1
github.com/intelops/compage/internal/languages/languages.go:179.46,182.11 3 1
github.com/intelops/compage/internal/languages/languages.go:189.79,190.90 1 30
github.com/intelops/compage/internal/languages/languages.go:190.90,192.64 1 3
github.com/intelops/compage/internal/languages/languages.go:192.64,194.50 1 4
github.com/intelops/compage/internal/languages/languages.go:194.50,195.46 1 7
github.com/intelops/compage/internal/languages/languages.go:195.46,198.11 3 4
github.com/intelops/compage/internal/languages/languages.go:206.106,207.26 1 0
github.com/intelops/compage/internal/languages/languages.go:207.26,208.18 1 0
github.com/intelops/compage/internal/languages/languages.go:208.18,210.4 1 0
github.com/intelops/compage/internal/languages/languages.go:212.2,212.15 1 0
github.com/intelops/compage/internal/languages/languages.go:215.131,216.26 1 0
github.com/intelops/compage/internal/languages/languages.go:216.26,217.18 1 0
github.com/intelops/compage/internal/languages/languages.go:217.18,219.4 1 0
github.com/intelops/compage/internal/languages/languages.go:221.2,221.19 1 0
github.com/intelops/compage/internal/languages/openapi-generator-runner.go:13.48,15.16 2 22
github.com/intelops/compage/internal/languages/openapi-generator-runner.go:15.16,18.3 2 0
github.com/intelops/compage/internal/languages/openapi-generator-runner.go:19.2,21.16 3 22
github.com/intelops/compage/internal/languages/openapi-generator-runner.go:21.16,24.3 2 0
github.com/intelops/compage/internal/languages/openapi-generator-runner.go:25.2,26.16 2 22
github.com/intelops/compage/internal/languages/openapi-generator-runner.go:26.16,30.3 3 0
github.com/intelops/compage/internal/languages/openapi-generator-runner.go:31.2,32.12 2 22
github.com/intelops/compage/internal/languages/openapi-generator-runner.go:35.48,37.16 2 11
github.com/intelops/compage/internal/languages/openapi-generator-runner.go:37.16,39.3 1 0
github.com/intelops/compage/internal/languages/openapi-generator-runner.go:41.2,41.25 1 11
github.com/intelops/compage/internal/languages/openapi-generator-runner.go:41.25,43.3 1 11
github.com/intelops/compage/internal/languages/openapi-generator-runner.go:45.2,47.26 2 11
github.com/intelops/compage/internal/languages/openapi-generator-runner.go:50.56,55.16 3 11
github.com/intelops/compage/internal/languages/openapi-generator-runner.go:55.16,58.3 2 0
github.com/intelops/compage/internal/languages/openapi-generator-runner.go:61.2,61.45 1 11
github.com/intelops/compage/internal/languages/openapi-generator-runner.go:61.45,64.3 2 0
github.com/intelops/compage/internal/languages/openapi-generator-runner.go:67.2,67.302 1 11
github.com/intelops/compage/internal/languages/openapi-generator-runner.go:67.302,70.3 2 0
github.com/intelops/compage/internal/languages/openapi-generator-runner.go:73.2,73.271 1 11
github.com/intelops/compage/internal/languages/openapi-generator-runner.go:73.271,76.3 2 0
github.com/intelops/compage/internal/languages/openapi-generator-runner.go:77.2,77.12 1 11
github.com/intelops/compage/internal/languages/openapi-generator-runner.go:80.41,82.16 2 11
github.com/intelops/compage/internal/languages/openapi-generator-runner.go:82.16,85.3 2 0
github.com/intelops/compage/internal/languages/openapi-generator-runner.go:86.2,90.16 5 11
github.com/intelops/compage/internal/languages/openapi-generator-runner.go:90.16,93.3 2 0
github.com/intelops/compage/internal/languages/openapi-generator-runner.go:94.2,94.12 1 11
github.com/intelops/compage/internal/languages/executor/executor.go:13.105,14.41 1 26
github.com/intelops/compage/internal/languages/executor/executor.go:14.41,20.17 4 113
github.com/intelops/compage/internal/languages/executor/executor.go:20.17,22.4 1 0
github.com/intelops/compage/internal/languages/executor/executor.go:23.3,23.88 1 113
github.com/intelops/compage/internal/languages/executor/executor.go:23.88,25.4 1 0
github.com/intelops/compage/internal/languages/executor/executor.go:29.2,29.41 1 26
github.com/intelops/compage/internal/languages/executor/executor.go:29.41,30.48 1 113
github.com/intelops/compage/internal/languages/executor/executor.go:30.48,31.51 1 113
github.com/intelops/compage/internal/languages/executor/executor.go:31.51,33.5 1 0
github.com/intelops/compage/internal/languages/executor/executor.go:36.2,36.12 1 26
github.com/intelops/compage/internal/languages/executor/executor.go:39.69,40.41 1 239
github.com/intelops/compage/internal/languages/executor/executor.go:40.41,46.17 4 546
github.com/intelops/compage/internal/languages/executor/executor.go:46.17,48.4 1 0
github.com/intelops/compage/internal/languages/executor/executor.go:49.3,49.88 1 546
github.com/intelops/compage/internal/languages/executor/executor.go:49.88,51.4 1 0
github.com/intelops/compage/internal/languages/executor/executor.go:55.2,55.41 1 239
github.com/intelops/compage/internal/languages/executor/executor.go:55.41,56.47 1 546
github.com/intelops/compage/internal/languages/executor/executor.go:56.47,57.50 1 395
github.com/intelops/compage/internal/languages/executor/executor.go:57.50,59.5 1 0
github.com/intelops/compage/internal/languages/executor/executor.go:62.2,62.12 1 239
github.com/intelops/compage/internal/languages/executor/executor.go:65.78,66.41 1 44
github.com/intelops/compage/internal/languages/executor/executor.go:66.41,72.17 4 44
github.com/intelops/compage/internal/languages/executor/executor.go:72.17,74.4 1 0
github.com/intelops/compage/internal/languages/executor/executor.go:75.3,75.88 1 44
github.com/intelops/compage/internal/languages/executor/executor.go:75.88,77.4 1 0
github.com/intelops/compage/internal/languages/executor/executor.go:81.2,81.41 1 44
github.com/intelops/compage/internal/languages/executor/executor.go:81.41,82.47 1 44
github.com/intelops/compage/internal/languages/executor/executor.go:82.47,83.50 1 44
github.com/intelops/compage/internal/languages/executor/executor.go:83.50,85.5 1 0
github.com/intelops/compage/internal/languages/executor/executor.go:88.2,88.12 1 44
github.com/intelops/compage/internal/languages/golang/code-formatter.go:9.43,12.16 3 21
github.com/intelops/compage/internal/languages/golang/code-formatter.go:12.16,16.3 3 0
github.com/intelops/compage/internal/languages/golang/code-formatter.go:17.2,18.12 2 21
github.com/intelops/compage/internal/languages/golang/context.go:10.37,12.2 1 0
github.com/intelops/compage/internal/languages/golang/context.go:23.62,33.2 3 22
github.com/intelops/compage/internal/languages/golang/generator.go:23.42,29.16 4 22
github.com/intelops/compage/internal/languages/golang/generator.go:29.16,32.3 2 0
github.com/intelops/compage/internal/languages/golang/generator.go:34.2,35.16 2 22
github.com/intelops/compage/internal/languages/golang/generator.go:35.16,38.3 2 0
github.com/intelops/compage/internal/languages/golang/generator.go:40.2,40.23 1 22
github.com/intelops/compage/internal/languages/golang/generator.go:40.23,42.3 1 1
github.com/intelops/compage/internal/languages/golang/generator.go:44.2,44.204 1 21
github.com/intelops/compage/internal/languages/golang/generator.go:44.204,46.63 2 18
github.com/intelops/compage/internal/languages/golang/generator.go:46.63,49.4 2 0
github.com/intelops/compage/internal/languages/golang/generator.go:52.2,53.16 2 21
github.com/intelops/compage/internal/languages/golang/generator.go:53.16,56.3 2 0
github.com/intelops/compage/internal/languages/golang/generator.go:58.2,58.12 1 21
github.com/intelops/compage/internal/languages/golang/generator.go:61.58,65.56 3 21
github.com/intelops/compage/internal/languages/golang/generator.go:65.56,68.3 2 0
github.com/intelops/compage/internal/languages/golang/generator.go:71.2,72.58 2 21
github.com/intelops/compage/internal/languages/golang/generator.go:72.58,75.3 2 0
github.com/intelops/compage/internal/languages/golang/generator.go:78.2,79.58 2 21
github.com/intelops/compage/internal/languages/golang/generator.go:79.58,82.3 2 0
github.com/intelops/compage/internal/languages/golang/generator.go:85.2,86.63 2 21
github.com/intelops/compage/internal/languages/golang/generator.go:86.63,89.3 2 0
github.com/intelops/compage/internal/languages/golang/generator.go:92.2,93.71 2 21
github.com/intelops/compage/internal/languages/golang/generator.go:93.71,96.3 2 0
github.com/intelops/compage/internal/languages/golang/generator.go:98.2,98.12 1 21
github.com/intelops/compage/internal/languages/golang/generator.go:101.51,103.25 2 22
github.com/intelops/compage/internal/languages/golang/generator.go:103.25,105.49 1 10
github.com/intelops/compage/internal/languages/golang/generator.go:105.49,106.55 1 10
github.com/intelops/compage/internal/languages/golang/generator.go:106.55,109.69 2 10
github.com/intelops/compage/internal/languages/golang/generator.go:109.69,112.6 2 0
github.com/intelops/compage/internal/languages/golang/generator.go:113.5,113.35 1 10
github.com/intelops/compage/internal/languages/golang/generator.go:113.35,114.66 1 9
github.com/intelops/compage/internal/languages/golang/generator.go:114.66,117.7 2 0
github.com/intelops/compage/internal/languages/golang/generator.go:119.6,119.76 1 9
github.com/intelops/compage/internal/languages/golang/generator.go:119.76,122.7 2 0
github.com/intelops/compage/internal/languages/golang/generator.go:124.5,124.36 1 10
github.com/intelops/compage/internal/languages/golang/generator.go:124.36,126.67 1 1
github.com/intelops/compage/internal/languages/golang/generator.go:126.67,129.7 2 0
github.com/intelops/compage/internal/languages/golang/generator.go:131.10,133.5 1 0
github.com/intelops/compage/internal/languages/golang/generator.go:134.9,136.4 1 0
github.com/intelops/compage/internal/languages/golang/generator.go:139.2,139.12 1 22
github.com/intelops/compage/internal/languages/golang/generator.go:142.72,145.25 2 22
github.com/intelops/compage/internal/languages/golang/generator.go:145.25,147.49 1 15
github.com/intelops/compage/internal/languages/golang/generator.go:147.49,148.54 1 12
github.com/intelops/compage/internal/languages/golang/generator.go:148.54,150.35 2 12
github.com/intelops/compage/internal/languages/golang/generator.go:150.35,151.65 1 11
github.com/intelops/compage/internal/languages/golang/generator.go:151.65,154.7 2 0
github.com/intelops/compage/internal/languages/golang/generator.go:156.5,156.36 1 12
github.com/intelops/compage/internal/languages/golang/generator.go:156.36,158.66 1 3
github.com/intelops/compage/internal/languages/golang/generator.go:158.66,161.7 2 0
github.com/intelops/compage/internal/languages/golang/generator.go:164.5,164.68 1 12
github.com/intelops/compage/internal/languages/golang/generator.go:164.68,167.6 2 0
github.com/intelops/compage/internal/languages/golang/generator.go:168.10,170.5 1 0
github.com/intelops/compage/internal/languages/golang/generator.go:171.9,172.50 1 3
github.com/intelops/compage/internal/languages/golang/generator.go:172.50,175.5 1 0
github.com/intelops/compage/internal/languages/golang/generator.go:177.4,177.59 1 3
github.com/intelops/compage/internal/languages/golang/generator.go:177.59,179.5 1 0
github.com/intelops/compage/internal/languages/golang/generator.go:181.4,181.64 1 3
github.com/intelops/compage/internal/languages/golang/generator.go:181.64,183.5 1 0
github.com/intelops/compage/internal/languages/golang/generator.go:187.2,187.12 1 22
github.com/intelops/compage/internal/languages/golang/generator.go:190.66,206.18 14 18
github.com/intelops/compage/internal/languages/golang/generator.go:206.18,214.3 7 11
github.com/intelops/compage/internal/languages/golang/generator.go:214.8,222.3 7 7
github.com/intelops/compage/internal/languages/golang/generator.go:224.2,232.18 9 18
github.com/intelops/compage/internal/languages/golang/generator.go:232.18,240.3 7 9
github.com/intelops/compage/internal/languages/golang/generator.go:240.8,248.3 7 9
github.com/intelops/compage/internal/languages/golang/generator.go:250.2,251.15 2 18
github.com/intelops/compage/internal/languages/golang/generator.go:254.69,267.18 12 10
github.com/intelops/compage/internal/languages/golang/generator.go:267.18,274.3 6 9
github.com/intelops/compage/internal/languages/golang/generator.go:274.8,281.3 6 1
github.com/intelops/compage/internal/languages/golang/generator.go:283.2,287.15 4 10
github.com/intelops/compage/internal/languages/golang/generator.go:290.67,303.18 12 12
github.com/intelops/compage/internal/languages/golang/generator.go:303.18,310.3 6 11
github.com/intelops/compage/internal/languages/golang/generator.go:310.8,317.3 6 1
github.com/intelops/compage/internal/languages/golang/generator.go:319.2,323.15 4 12
github.com/intelops/compage/internal/languages/golang/generator.go:326.71,334.18 7 21
github.com/intelops/compage/internal/languages/golang/generator.go:334.18,336.3 1 14
github.com/intelops/compage/internal/languages/golang/generator.go:336.8,338.3 1 7
github.com/intelops/compage/internal/languages/golang/generator.go:341.2,343.18 3 21
github.com/intelops/compage/internal/languages/golang/generator.go:343.18,345.3 1 9
github.com/intelops/compage/internal/languages/golang/generator.go:345.8,347.3 1 12
github.com/intelops/compage/internal/languages/golang/generator.go:349.2,374.3 9 21
github.com/intelops/compage/internal/languages/golang/make-proto-runner.go:11.47,15.34 4 9
github.com/intelops/compage/internal/languages/golang/make-proto-runner.go:15.34,16.33 1 9
github.com/intelops/compage/internal/languages/golang/make-proto-runner.go:16.33,24.40 8 9
github.com/intelops/compage/internal/languages/golang/make-proto-runner.go:24.40,29.5 4 0
github.com/intelops/compage/internal/languages/golang/make-proto-runner.go:30.4,32.14 3 9
github.com/intelops/compage/internal/languages/golang/make-proto-runner.go:33.9,35.4 1 0
github.com/intelops/compage/internal/languages/golang/make-proto-runner.go:37.2,37.62 1 0
github.com/intelops/compage/internal/languages/golang/make-proto-runner.go:41.37,44.2 2 18
github.com/intelops/compage/internal/languages/golang/models.go:22.44,24.2 1 22
github.com/intelops/compage/internal/languages/golang/models.go:26.38,28.2 1 61
github.com/intelops/compage/internal/languages/golang/processor.go:8.41,12.64 2 22
github.com/intelops/compage/internal/languages/golang/processor.go:12.64,15.3 2 0
github.com/intelops/compage/internal/languages/golang/processor.go:18.2,18.38 1 22
github.com/intelops/compage/internal/languages/golang/processor.go:18.38,21.3 2 1
github.com/intelops/compage/internal/languages/golang/processor.go:24.2,24.72 1 21
github.com/intelops/compage/internal/languages/golang/processor.go:24.72,27.3 2 0
github.com/intelops/compage/internal/languages/golang/processor.go:29.2,29.12 1 21
github.com/intelops/compage/internal/languages/golang/frameworks/common-files/copier.go:60.485,72.34 4 18
github.com/intelops/compage/internal/languages/golang/frameworks/common-files/copier.go:72.34,79.3 1 9
github.com/intelops/compage/internal/languages/golang/frameworks/common-files/copier.go:80.2,89.34 7 18
github.com/intelops/compage/internal/languages/golang/frameworks/common-files/copier.go:89.34,98.3 1 17
github.com/intelops/compage/internal/languages/golang/frameworks/common-files/copier.go:99.2,106.20 7 18
github.com/intelops/compage/internal/languages/golang/frameworks/common-files/copier.go:106.20,108.42 2 2
github.com/intelops/compage/internal/languages/golang/frameworks/common-files/copier.go:108.42,110.4 1 3
github.com/intelops/compage/internal/languages/golang/frameworks/common-files/copier.go:111.3,111.26 1 2
github.com/intelops/compage/internal/languages/golang/frameworks/common-files/copier.go:114.2,115.17 2 18
github.com/intelops/compage/internal/languages/golang/frameworks/common-files/copier.go:115.17,117.3 1 10
github.com/intelops/compage/internal/languages/golang/frameworks/common-files/copier.go:119.2,120.17 2 18
github.com/intelops/compage/internal/languages/golang/frameworks/common-files/copier.go:120.17,122.3 1 8
github.com/intelops/compage/internal/languages/golang/frameworks/common-files/copier.go:124.2,125.19 2 18
github.com/intelops/compage/internal/languages/golang/frameworks/common-files/copier.go:125.19,127.3 1 1
github.com/intelops/compage/internal/languages/golang/frameworks/common-files/copier.go:129.2,130.19 2 18
github.com/intelops/compage/internal/languages/golang/frameworks/common-files/copier.go:130.19,132.3 1 1
github.com/intelops/compage/internal/languages/golang/frameworks/common-files/copier.go:134.2,148.3 1 18
github.com/intelops/compage/internal/languages/golang/frameworks/common-files/copier.go:151.55,153.35 2 17
github.com/intelops/compage/internal/languages/golang/frameworks/common-files/copier.go:153.35,155.24 2 52
github.com/intelops/compage/internal/languages/golang/frameworks/common-files/copier.go:155.24,157.4 1 6
github.com/intelops/compage/internal/languages/golang/frameworks/common-files/copier.go:157.9,158.30 1 46
github.com/intelops/compage/internal/languages/golang/frameworks/common-files/copier.go:158.30,160.5 1 31
github.com/intelops/compage/internal/languages/golang/frameworks/common-files/copier.go:160.10,162.5 1 15
github.com/intelops/compage/internal/languages/golang/frameworks/common-files/copier.go:164.3,164.22 1 52
github.com/intelops/compage/internal/languages/golang/frameworks/common-files/copier.go:166.2,168.17 3 17
github.com/intelops/compage/internal/languages/golang/frameworks/common-files/copier.go:171.54,173.35 2 17
github.com/intelops/compage/internal/languages/golang/frameworks/common-files/copier.go:173.35,175.24 2 52
github.com/intelops/compage/internal/languages/golang/frameworks/common-files/copier.go:175.24,177.4 1 6
github.com/intelops/compage/internal/languages/golang/frameworks/common-files/copier.go:177.9,178.30 1 46
github.com/intelops/compage/internal/languages/golang/frameworks/common-files/copier.go:178.30,180.5 1 31
github.com/intelops/compage/internal/languages/golang/frameworks/common-files/copier.go:180.10,182.5 1 15
github.com/intelops/compage/internal/languages/golang/frameworks/common-files/copier.go:184.3,184.21 1 52
github.com/intelops/compage/internal/languages/golang/frameworks/common-files/copier.go:186.2,188.16 3 17
github.com/intelops/compage/internal/languages/golang/frameworks/common-files/copier.go:192.43,196.16 4 18
github.com/intelops/compage/internal/languages/golang/frameworks/common-files/copier.go:196.16,198.3 1 0
github.com/intelops/compage/internal/languages/golang/frameworks/common-files/copier.go:199.2,203.16 4 18
github.com/intelops/compage/internal/languages/golang/frameworks/common-files/copier.go:203.16,205.3 1 0
github.com/intelops/compage/internal/languages/golang/frameworks/common-files/copier.go:206.2,210.16 4 18
github.com/intelops/compage/internal/languages/golang/frameworks/common-files/copier.go:210.16,212.3 1 0
github.com/intelops/compage/internal/languages/golang/frameworks/common-files/copier.go:213.2,217.16 4 18
github.com/intelops/compage/internal/languages/golang/frameworks/common-files/copier.go:217.16,219.3 1 0
github.com/intelops/compage/internal/languages/golang/frameworks/common-files/copier.go:220.2,224.16 4 18
github.com/intelops/compage/internal/languages/golang/frameworks/common-files/copier.go:224.16,226.3 1 0
github.com/intelops/compage/internal/languages/golang/frameworks/common-files/copier.go:227.2,231.16 4 18
github.com/intelops/compage/internal/languages/golang/frameworks/common-files/copier.go:231.16,233.3 1 0
github.com/intelops/compage/internal/languages/golang/frameworks/common-files/copier.go:234.2,236.44 2 18
github.com/intelops/compage/internal/languages/golang/frameworks/go-gin-server/copier.go:97.275,112.18 7 12
github.com/intelops/compage/internal/languages/golang/frameworks/go-gin-server/copier.go:112.18,114.31 2 11
github.com/intelops/compage/internal/languages/golang/frameworks/go-gin-server/copier.go:114.31,124.4 2 17
github.com/intelops/compage/internal/languages/golang/frameworks/go-gin-server/copier.go:125.3,127.38 3 11
github.com/intelops/compage/internal/languages/golang/frameworks/go-gin-server/copier.go:130.2,145.3 2 12
github.com/intelops/compage/internal/languages/golang/frameworks/go-gin-server/copier.go:149.54,151.65 2 3
github.com/intelops/compage/internal/languages/golang/frameworks/go-gin-server/copier.go:151.65,154.3 2 0
github.com/intelops/compage/internal/languages/golang/frameworks/go-gin-server/copier.go:156.2,156.12 1 3
github.com/intelops/compage/internal/languages/golang/frameworks/go-gin-server/copier.go:160.54,166.65 6 11
github.com/intelops/compage/internal/languages/golang/frameworks/go-gin-server/copier.go:166.65,169.3 2 0
github.com/intelops/compage/internal/languages/golang/frameworks/go-gin-server/copier.go:170.2,170.70 1 11
github.com/intelops/compage/internal/languages/golang/frameworks/go-gin-server/copier.go:170.70,173.3 2 0
github.com/intelops/compage/internal/languages/golang/frameworks/go-gin-server/copier.go:174.2,174.65 1 11
github.com/intelops/compage/internal/languages/golang/frameworks/go-gin-server/copier.go:174.65,177.3 2 0
github.com/intelops/compage/internal/languages/golang/frameworks/go-gin-server/copier.go:178.2,178.67 1 11
github.com/intelops/compage/internal/languages/golang/frameworks/go-gin-server/copier.go:178.67,181.3 2 0
github.com/intelops/compage/internal/languages/golang/frameworks/go-gin-server/copier.go:182.2,182.63 1 11
github.com/intelops/compage/internal/languages/golang/frameworks/go-gin-server/copier.go:182.63,185.3 2 0
github.com/intelops/compage/internal/languages/golang/frameworks/go-gin-server/copier.go:186.2,186.15 1 11
github.com/intelops/compage/internal/languages/golang/frameworks/go-gin-server/copier.go:186.15,189.72 2 10
github.com/intelops/compage/internal/languages/golang/frameworks/go-gin-server/copier.go:189.72,192.4 2 0
github.com/intelops/compage/internal/languages/golang/frameworks/go-gin-server/copier.go:193.8,193.24 1 1
github.com/intelops/compage/internal/languages/golang/frameworks/go-gin-server/copier.go:193.24,196.74 2 1
github.com/intelops/compage/internal/languages/golang/frameworks/go-gin-server/copier.go:196.74,199.4 2 0
github.com/intelops/compage/internal/languages/golang/frameworks/go-gin-server/copier.go:201.2,201.12 1 11
github.com/intelops/compage/internal/languages/golang/frameworks/go-gin-server/copier.go:205.81,211.15 4 17
github.com/intelops/compage/internal/languages/golang/frameworks/go-gin-server/copier.go:211.15,213.17 2 15
github.com/intelops/compage/internal/languages/golang/frameworks/go-gin-server/copier.go:213.17,216.4 2 0
github.com/intelops/compage/internal/languages/golang/frameworks/go-gin-server/copier.go:220.2,220.17 1 17
github.com/intelops/compage/internal/languages/golang/frameworks/go-gin-server/copier.go:220.17,222.17 2 2
github.com/intelops/compage/internal/languages/golang/frameworks/go-gin-server/copier.go:222.17,225.4 2 0
github.com/intelops/compage/internal/languages/golang/frameworks/go-gin-server/copier.go:229.2,230.16 2 17
github.com/intelops/compage/internal/languages/golang/frameworks/go-gin-server/copier.go:230.16,233.3 2 0
github.com/intelops/compage/internal/languages/golang/frameworks/go-gin-server/copier.go:236.2,239.62 2 17
github.com/intelops/compage/internal/languages/golang/frameworks/go-gin-server/copier.go:242.75,244.47 1 17
github.com/intelops/compage/internal/languages/golang/frameworks/go-gin-server/copier.go:244.47,246.4 1 45
github.com/intelops/compage/internal/languages/golang/frameworks/go-gin-server/copier.go:247.57,249.39 2 38
github.com/intelops/compage/internal/languages/golang/frameworks/go-gin-server/copier.go:249.39,251.5 1 4
github.com/intelops/compage/internal/languages/golang/frameworks/go-gin-server/copier.go:252.4,252.29 1 34
github.com/intelops/compage/internal/languages/golang/frameworks/go-gin-server/copier.go:255.67,256.82 1 14
github.com/intelops/compage/internal/languages/golang/frameworks/go-gin-server/copier.go:256.82,258.5 1 2
github.com/intelops/compage/internal/languages/golang/frameworks/go-gin-server/copier.go:259.4,259.94 1 12
github.com/intelops/compage/internal/languages/golang/frameworks/go-gin-server/copier.go:261.49,263.39 2 48
github.com/intelops/compage/internal/languages/golang/frameworks/go-gin-server/copier.go:263.39,265.5 1 4
github.com/intelops/compage/internal/languages/golang/frameworks/go-gin-server/copier.go:266.4,266.13 1 44
github.com/intelops/compage/internal/languages/golang/frameworks/go-gin-server/copier.go:269.2,269.16 1 17
github.com/intelops/compage/internal/languages/golang/frameworks/go-gin-server/copier.go:273.85,282.16 6 4
github.com/intelops/compage/internal/languages/golang/frameworks/go-gin-server/copier.go:282.16,285.3 2 0
github.com/intelops/compage/internal/languages/golang/frameworks/go-gin-server/copier.go:286.2,290.44 3 4
github.com/intelops/compage/internal/languages/golang/frameworks/go-gin-server/copier.go:293.67,302.42 8 9
github.com/intelops/compage/internal/languages/golang/frameworks/go-gin-server/copier.go:302.42,304.17 2 24
github.com/intelops/compage/internal/languages/golang/frameworks/go-gin-server/copier.go:304.17,307.4 2 0
github.com/intelops/compage/internal/languages/golang/frameworks/go-gin-server/copier.go:308.3,311.82 4 24
github.com/intelops/compage/internal/languages/golang/frameworks/go-gin-server/copier.go:314.2,327.12 8 9
github.com/intelops/compage/internal/languages/golang/frameworks/go-gin-server/copier.go:330.183,331.40 1 24
github.com/intelops/compage/internal/languages/golang/frameworks/go-gin-server/copier.go:331.40,332.24 1 15
github.com/intelops/compage/internal/languages/golang/frameworks/go-gin-server/copier.go:332.24,336.4 2 2
github.com/intelops/compage/internal/languages/golang/frameworks/go-gin-server/copier.go:336.9,340.4 2 13
github.com/intelops/compage/internal/languages/golang/frameworks/go-gin-server/copier.go:341.8,344.24 3 9
github.com/intelops/compage/internal/languages/golang/frameworks/go-gin-server/copier.go:344.24,348.4 2 0
github.com/intelops/compage/internal/languages/golang/frameworks/go-gin-server/copier.go:348.9,352.4 2 9
github.com/intelops/compage/internal/languages/golang/frameworks/go-gin-server/copier.go:354.2,354.60 1 24
github.com/intelops/compage/internal/languages/golang/frameworks/go-gin-server/copier.go:357.194,358.31 1 24
github.com/intelops/compage/internal/languages/golang/frameworks/go-gin-server/copier.go:358.31,359.24 1 15
github.com/intelops/compage/internal/languages/golang/frameworks/go-gin-server/copier.go:359.24,364.4 3 2
github.com/intelops/compage/internal/languages/golang/frameworks/go-gin-server/copier.go:364.9,369.4 3 13
github.com/intelops/compage/internal/languages/golang/frameworks/go-gin-server/copier.go:370.8,374.24 4 9
github.com/intelops/compage/internal/languages/golang/frameworks/go-gin-server/copier.go:374.24,379.4 3 0
github.com/intelops/compage/internal/languages/golang/frameworks/go-gin-server/copier.go:379.9,384.4 3 9
github.com/intelops/compage/internal/languages/golang/frameworks/go-gin-server/copier.go:386.2,386.70 1 24
github.com/intelops/compage/internal/languages/golang/frameworks/go-gin-server/copier.go:389.137,390.31 1 24
github.com/intelops/compage/internal/languages/golang/frameworks/go-gin-server/copier.go:390.31,391.24 1 15
github.com/intelops/compage/internal/languages/golang/frameworks/go-gin-server/copier.go:391.24,393.4 1 2
github.com/intelops/compage/internal/languages/golang/frameworks/go-gin-server/copier.go:393.9,395.4 1 13
github.com/intelops/compage/internal/languages/golang/frameworks/go-gin-server/copier.go:396.8,398.24 2 9
github.com/intelops/compage/internal/languages/golang/frameworks/go-gin-server/copier.go:398.24,400.4 1 0
github.com/intelops/compage/internal/languages/golang/frameworks/go-gin-server/copier.go:400.9,402.4 1 9
github.com/intelops/compage/internal/languages/golang/frameworks/go-gin-server/copier.go:404.2,404.27 1 24
github.com/intelops/compage/internal/languages/golang/frameworks/go-gin-server/copier.go:407.120,408.32 1 24
github.com/intelops/compage/internal/languages/golang/frameworks/go-gin-server/copier.go:408.32,409.24 1 15
github.com/intelops/compage/internal/languages/golang/frameworks/go-gin-server/copier.go:409.24,412.4 1 2
github.com/intelops/compage/internal/languages/golang/frameworks/go-gin-server/copier.go:412.9,415.4 1 13
github.com/intelops/compage/internal/languages/golang/frameworks/go-gin-server/copier.go:416.8,418.24 2 9
github.com/intelops/compage/internal/languages/golang/frameworks/go-gin-server/copier.go:418.24,421.4 1 0
github.com/intelops/compage/internal/languages/golang/frameworks/go-gin-server/copier.go:421.9,424.4 1 9
github.com/intelops/compage/internal/languages/golang/frameworks/go-gin-server/copier.go:426.2,426.28 1 24
github.com/intelops/compage/internal/languages/golang/frameworks/go-gin-server/copier.go:429.85,432.42 2 17
github.com/intelops/compage/internal/languages/golang/frameworks/go-gin-server/copier.go:432.42,434.3 1 52
github.com/intelops/compage/internal/languages/golang/frameworks/go-gin-server/copier.go:435.2,437.15 2 17
github.com/intelops/compage/internal/languages/golang/frameworks/go-gin-server/copier.go:437.15,438.44 1 15
github.com/intelops/compage/internal/languages/golang/frameworks/go-gin-server/copier.go:438.44,440.18 2 9
github.com/intelops/compage/internal/languages/golang/frameworks/go-gin-server/copier.go:440.18,443.5 2 0
github.com/intelops/compage/internal/languages/golang/frameworks/go-gin-server/copier.go:448.2,455.12 8 17
github.com/intelops/compage/internal/languages/golang/frameworks/go-gin-server/copier.go:458.104,462.16 3 2
github.com/intelops/compage/internal/languages/golang/frameworks/go-gin-server/copier.go:462.16,465.3 2 0
github.com/intelops/compage/internal/languages/golang/frameworks/go-gin-server/copier.go:466.2,471.16 4 2
github.com/intelops/compage/internal/languages/golang/frameworks/go-gin-server/copier.go:471.16,474.3 2 0
github.com/intelops/compage/internal/languages/golang/frameworks/go-gin-server/copier.go:475.2,480.16 4 2
github.com/intelops/compage/internal/languages/golang/frameworks/go-gin-server/copier.go:480.16,483.3 2 0
github.com/intelops/compage/internal/languages/golang/frameworks/go-gin-server/copier.go:484.2,487.26 3 2
github.com/intelops/compage/internal/languages/golang/frameworks/go-gin-server/copier.go:487.26,491.17 3 2
github.com/intelops/compage/internal/languages/golang/frameworks/go-gin-server/copier.go:491.17,494.4 2 0
github.com/intelops/compage/internal/languages/golang/frameworks/go-gin-server/copier.go:495.3,495.60 1 2
github.com/intelops/compage/internal/languages/golang/frameworks/go-gin-server/copier.go:498.2,498.23 1 2
github.com/intelops/compage/internal/languages/golang/frameworks/go-gin-server/copier.go:501.102,505.16 3 15
github.com/intelops/compage/internal/languages/golang/frameworks/go-gin-server/copier.go:505.16,508.3 2 0
github.com/intelops/compage/internal/languages/golang/frameworks/go-gin-server/copier.go:509.2,514.16 4 15
github.com/intelops/compage/internal/languages/golang/frameworks/go-gin-server/copier.go:514.16,517.3 2 0
github.com/intelops/compage/internal/languages/golang/frameworks/go-gin-server/copier.go:518.2,521.23 3 15
github.com/intelops/compage/internal/languages/golang/frameworks/go-gin-server/copier.go:521.23,526.17 3 5
github.com/intelops/compage/internal/languages/golang/frameworks/go-gin-server/copier.go:526.17,529.4 2 0
github.com/intelops/compage/internal/languages/golang/frameworks/go-gin-server/copier.go:530.3,535.17 4 5
github.com/intelops/compage/internal/languages/golang/frameworks/go-gin-server/copier.go:535.17,538.4 2 0
github.com/intelops/compage/internal/languages/golang/frameworks/go-gin-server/copier.go:539.3,539.60 1 5
github.com/intelops/compage/internal/languages/golang/frameworks/go-gin-server/copier.go:540.8,540.29 1 10
github.com/intelops/compage/internal/languages/golang/frameworks/go-gin-server/copier.go:540.29,544.17 3 4
github.com/intelops/compage/internal/languages/golang/frameworks/go-gin-server/copier.go:544.17,547.4 2 0
github.com/intelops/compage/internal/languages/golang/frameworks/go-gin-server/copier.go:548.3,553.17 4 4
github.com/intelops/compage/internal/languages/golang/frameworks/go-gin-server/copier.go:553.17,556.4 2 0
github.com/intelops/compage/internal/languages/golang/frameworks/go-gin-server/copier.go:557.3,557.60 1 4
github.com/intelops/compage/internal/languages/golang/frameworks/go-gin-server/copier.go:558.8,558.27 1 6
github.com/intelops/compage/internal/languages/golang/frameworks/go-gin-server/copier.go:558.27,563.17 3 2
github.com/intelops/compage/internal/languages/golang/frameworks/go-gin-server/copier.go:563.17,566.4 2 0
github.com/intelops/compage/internal/languages/golang/frameworks/go-gin-server/copier.go:567.3,570.17 4 2
github.com/intelops/compage/internal/languages/golang/frameworks/go-gin-server/copier.go:570.17,573.4 2 0
github.com/intelops/compage/internal/languages/golang/frameworks/go-gin-server/copier.go:574.3,574.60 1 2
github.com/intelops/compage/internal/languages/golang/frameworks/go-gin-server/copier.go:575.8,575.34 1 4
github.com/intelops/compage/internal/languages/golang/frameworks/go-gin-server/copier.go:575.34,579.17 3 2
github.com/intelops/compage/internal/languages/golang/frameworks/go-gin-server/copier.go:579.17,582.4 2 0
github.com/intelops/compage/internal/languages/golang/frameworks/go-gin-server/copier.go:583.3,588.17 4 2
github.com/intelops/compage/internal/languages/golang/frameworks/go-gin-server/copier.go:588.17,591.4 2 0
github.com/intelops/compage/internal/languages/golang/frameworks/go-gin-server/copier.go:592.3,592.60 1 2
github.com/intelops/compage/internal/languages/golang/frameworks/go-gin-server/copier.go:593.8,593.33 1 2
github.com/intelops/compage/internal/languages/golang/frameworks/go-gin-server/copier.go:593.33,597.17 3 2
github.com/intelops/compage/internal/languages/golang/frameworks/go-gin-server/copier.go:597.17,600.4 2 0
github.com/intelops/compage/internal/languages/golang/frameworks/go-gin-server/copier.go:601.3,606.17 4 2
github.com/intelops/compage/internal/languages/golang/frameworks/go-gin-server/copier.go:606.17,609.4 2 0
github.com/intelops/compage/internal/languages/golang/frameworks/go-gin-server/copier.go:610.3,610.60 1 2
github.com/intelops/compage/internal/languages/golang/frameworks/go-gin-server/copier.go:612.2,612.23 1 15
github.com/intelops/compage/internal/languages/golang/frameworks/go-gin-server/copier.go:616.44,617.45 1 0
github.com/intelops/compage/internal/languages/golang/frameworks/go-gin-server/copier.go:617.45,620.3 2 0
github.com/intelops/compage/internal/languages/golang/frameworks/go-gin-server/copier.go:621.2,621.46 1 0
github.com/intelops/compage/internal/languages/golang/frameworks/go-gin-server/copier.go:621.46,624.3 2 0
github.com/intelops/compage/internal/languages/golang/frameworks/go-gin-server/copier.go:625.2,625.12 1 0
github.com/intelops/compage/internal/languages/golang/frameworks/go-gin-server/copier.go:629.43,631.20 1 11
github.com/intelops/compage/internal/languages/golang/frameworks/go-gin-server/copier.go:631.20,633.57 1 11
github.com/intelops/compage/internal/languages/golang/frameworks/go-gin-server/copier.go:633.57,636.4 2 0
github.com/intelops/compage/internal/languages/golang/frameworks/go-gin-server/copier.go:638.3,638.40 1 11
github.com/intelops/compage/internal/languages/golang/frameworks/go-gin-server/copier.go:638.40,639.66 1 17
github.com/intelops/compage/internal/languages/golang/frameworks/go-gin-server/copier.go:639.66,642.5 2 0
github.com/intelops/compage/internal/languages/golang/frameworks/go-gin-server/copier.go:645.3,649.17 4 11
github.com/intelops/compage/internal/languages/golang/frameworks/go-gin-server/copier.go:649.17,652.4 2 0
github.com/intelops/compage/internal/languages/golang/frameworks/go-gin-server/copier.go:653.3,655.17 3 11
github.com/intelops/compage/internal/languages/golang/frameworks/go-gin-server/copier.go:655.17,658.4 2 0
github.com/intelops/compage/internal/languages/golang/frameworks/go-gin-server/copier.go:660.3,660.16 1 11
github.com/intelops/compage/internal/languages/golang/frameworks/go-gin-server/copier.go:660.16,663.25 1 10
github.com/intelops/compage/internal/languages/golang/frameworks/go-gin-server/copier.go:663.25,668.19 4 4
github.com/intelops/compage/internal/languages/golang/frameworks/go-gin-server/copier.go:668.19,671.6 2 0
github.com/intelops/compage/internal/languages/golang/frameworks/go-gin-server/copier.go:672.5,673.47 2 4
github.com/intelops/compage/internal/languages/golang/frameworks/go-gin-server/copier.go:674.10,674.31 1 6
github.com/intelops/compage/internal/languages/golang/frameworks/go-gin-server/copier.go:674.31,679.19 4 3
github.com/intelops/compage/internal/languages/golang/frameworks/go-gin-server/copier.go:679.19,682.6 2 0
github.com/intelops/compage/internal/languages/golang/frameworks/go-gin-server/copier.go:683.5,684.47 2 3
github.com/intelops/compage/internal/languages/golang/frameworks/go-gin-server/copier.go:685.10,685.36 1 3
github.com/intelops/compage/internal/languages/golang/frameworks/go-gin-server/copier.go:685.36,690.19 4 1
github.com/intelops/compage/internal/languages/golang/frameworks/go-gin-server/copier.go:690.19,693.6 2 0
github.com/intelops/compage/internal/languages/golang/frameworks/go-gin-server/copier.go:694.5,695.47 2 1
github.com/intelops/compage/internal/languages/golang/frameworks/go-gin-server/copier.go:696.10,696.35 1 2
github.com/intelops/compage/internal/languages/golang/frameworks/go-gin-server/copier.go:696.35,701.19 4 1
github.com/intelops/compage/internal/languages/golang/frameworks/go-gin-server/copier.go:701.19,704.6 2 0
github.com/intelops/compage/internal/languages/golang/frameworks/go-gin-server/copier.go:705.5,706.47 2 1
github.com/intelops/compage/internal/languages/golang/frameworks/go-gin-server/copier.go:707.10,707.29 1 1
github.com/intelops/compage/internal/languages/golang/frameworks/go-gin-server/copier.go:707.29,712.19 4 1
github.com/intelops/compage/internal/languages/golang/frameworks/go-gin-server/copier.go:712.19,715.6 2 0
github.com/intelops/compage/internal/languages/golang/frameworks/go-gin-server/copier.go:716.5,717.47 2 1
github.com/intelops/compage/internal/languages/golang/frameworks/go-gin-server/copier.go:719.9,719.25 1 1
github.com/intelops/compage/internal/languages/golang/frameworks/go-gin-server/copier.go:719.25,722.28 1 1
github.com/intelops/compage/internal/languages/golang/frameworks/go-gin-server/copier.go:722.28,727.19 4 1
github.com/intelops/compage/internal/languages/golang/frameworks/go-gin-server/copier.go:727.19,730.6 2 0
github.com/intelops/compage/internal/languages/golang/frameworks/go-gin-server/copier.go:731.5,732.47 2 1
github.com/intelops/compage/internal/languages/golang/frameworks/go-gin-server/copier.go:736.2,736.12 1 0
github.com/intelops/compage/internal/languages/golang/frameworks/go-gin-server/copier.go:740.44,742.22 1 3
github.com/intelops/compage/internal/languages/golang/frameworks/go-gin-server/copier.go:742.22,744.57 1 3
github.com/intelops/compage/internal/languages/golang/frameworks/go-gin-server/copier.go:744.57,746.4 1 0
github.com/intelops/compage/internal/languages/golang/frameworks/go-gin-server/copier.go:749.3,749.40 1 3
github.com/intelops/compage/internal/languages/golang/frameworks/go-gin-server/copier.go:749.40,750.64 1 4
github.com/intelops/compage/internal/languages/golang/frameworks/go-gin-server/copier.go:750.64,752.5 1 0
github.com/intelops/compage/internal/languages/golang/frameworks/go-gin-server/copier.go:755.2,755.12 1 3
github.com/intelops/compage/internal/languages/golang/frameworks/go-gin-server/copier.go:759.47,761.16 2 12
github.com/intelops/compage/internal/languages/golang/frameworks/go-gin-server/copier.go:761.16,763.3 1 0
github.com/intelops/compage/internal/languages/golang/frameworks/go-gin-server/copier.go:764.2,765.17 2 12
github.com/intelops/compage/internal/languages/golang/frameworks/go-gin-server/copier.go:765.17,767.3 1 0
github.com/intelops/compage/internal/languages/golang/frameworks/go-gin-server/copier.go:768.2,768.40 1 12
github.com/intelops/compage/internal/languages/golang/frameworks/go-gin-server/copier.go:771.65,772.23 1 24
github.com/intelops/compage/internal/languages/golang/frameworks/go-gin-server/copier.go:772.23,774.3 1 13
github.com/intelops/compage/internal/languages/golang/frameworks/go-gin-server/copier.go:774.8,774.29 1 11
github.com/intelops/compage/internal/languages/golang/frameworks/go-gin-server/copier.go:774.29,776.3 1 11
github.com/intelops/compage/internal/languages/golang/frameworks/go-gin-server/copier.go:777.2,777.49 1 0
github.com/intelops/compage/internal/languages/golang/frameworks/go-grpc-server/copier.go:98.275,113.18 7 10
github.com/intelops/compage/internal/languages/golang/frameworks/go-grpc-server/copier.go:113.18,115.31 2 9
github.com/intelops/compage/internal/languages/golang/frameworks/go-grpc-server/copier.go:115.31,125.4 2 9
github.com/intelops/compage/internal/languages/golang/frameworks/go-grpc-server/copier.go:126.3,128.38 3 9
github.com/intelops/compage/internal/languages/golang/frameworks/go-grpc-server/copier.go:131.2,147.3 3 10
github.com/intelops/compage/internal/languages/golang/frameworks/go-grpc-server/copier.go:151.54,153.65 2 1
github.com/intelops/compage/internal/languages/golang/frameworks/go-grpc-server/copier.go:153.65,155.3 1 0
github.com/intelops/compage/internal/languages/golang/frameworks/go-grpc-server/copier.go:157.2,157.12 1 1
github.com/intelops/compage/internal/languages/golang/frameworks/go-grpc-server/copier.go:161.54,168.65 7 9
github.com/intelops/compage/internal/languages/golang/frameworks/go-grpc-server/copier.go:168.65,171.3 2 0
github.com/intelops/compage/internal/languages/golang/frameworks/go-grpc-server/copier.go:172.2,172.62 1 9
github.com/intelops/compage/internal/languages/golang/frameworks/go-grpc-server/copier.go:172.62,175.3 2 0
github.com/intelops/compage/internal/languages/golang/frameworks/go-grpc-server/copier.go:176.2,176.70 1 9
github.com/intelops/compage/internal/languages/golang/frameworks/go-grpc-server/copier.go:176.70,179.3 2 0
github.com/intelops/compage/internal/languages/golang/frameworks/go-grpc-server/copier.go:180.2,180.65 1 9
github.com/intelops/compage/internal/languages/golang/frameworks/go-grpc-server/copier.go:180.65,183.3 2 0
github.com/intelops/compage/internal/languages/golang/frameworks/go-grpc-server/copier.go:184.2,184.67 1 9
github.com/intelops/compage/internal/languages/golang/frameworks/go-grpc-server/copier.go:184.67,187.3 2 0
github.com/intelops/compage/internal/languages/golang/frameworks/go-grpc-server/copier.go:188.2,188.63 1 9
github.com/intelops/compage/internal/languages/golang/frameworks/go-grpc-server/copier.go:188.63,191.3 2 0
github.com/intelops/compage/internal/languages/golang/frameworks/go-grpc-server/copier.go:192.2,192.15 1 9
github.com/intelops/compage/internal/languages/golang/frameworks/go-grpc-server/copier.go:192.15,195.72 2 8
github.com/intelops/compage/internal/languages/golang/frameworks/go-grpc-server/copier.go:195.72,198.4 2 0
github.com/intelops/compage/internal/languages/golang/frameworks/go-grpc-server/copier.go:199.8,199.24 1 1
github.com/intelops/compage/internal/languages/golang/frameworks/go-grpc-server/copier.go:199.24,202.74 2 1
github.com/intelops/compage/internal/languages/golang/frameworks/go-grpc-server/copier.go:202.74,205.4 2 0
github.com/intelops/compage/internal/languages/golang/frameworks/go-grpc-server/copier.go:208.2,208.12 1 9
github.com/intelops/compage/internal/languages/golang/frameworks/go-grpc-server/copier.go:212.81,217.15 4 9
github.com/intelops/compage/internal/languages/golang/frameworks/go-grpc-server/copier.go:217.15,220.17 2 8
github.com/intelops/compage/internal/languages/golang/frameworks/go-grpc-server/copier.go:220.17,223.4 2 0
github.com/intelops/compage/internal/languages/golang/frameworks/go-grpc-server/copier.go:224.8,224.24 1 1
github.com/intelops/compage/internal/languages/golang/frameworks/go-grpc-server/copier.go:224.24,227.17 2 1
github.com/intelops/compage/internal/languages/golang/frameworks/go-grpc-server/copier.go:227.17,230.4 2 0
github.com/intelops/compage/internal/languages/golang/frameworks/go-grpc-server/copier.go:234.2,235.16 2 9
github.com/intelops/compage/internal/languages/golang/frameworks/go-grpc-server/copier.go:235.16,238.3 2 0
github.com/intelops/compage/internal/languages/golang/frameworks/go-grpc-server/copier.go:241.2,244.62 2 9
github.com/intelops/compage/internal/languages/golang/frameworks/go-grpc-server/copier.go:247.104,251.16 3 1
github.com/intelops/compage/internal/languages/golang/frameworks/go-grpc-server/copier.go:251.16,254.3 2 0
github.com/intelops/compage/internal/languages/golang/frameworks/go-grpc-server/copier.go:255.2,260.16 4 1
github.com/intelops/compage/internal/languages/golang/frameworks/go-grpc-server/copier.go:260.16,263.3 2 0
github.com/intelops/compage/internal/languages/golang/frameworks/go-grpc-server/copier.go:264.2,269.16 4 1
github.com/intelops/compage/internal/languages/golang/frameworks/go-grpc-server/copier.go:269.16,272.3 2 0
github.com/intelops/compage/internal/languages/golang/frameworks/go-grpc-server/copier.go:273.2,278.16 4 1
github.com/intelops/compage/internal/languages/golang/frameworks/go-grpc-server/copier.go:278.16,281.3 2 0
github.com/intelops/compage/internal/languages/golang/frameworks/go-grpc-server/copier.go:282.2,285.26 3 1
github.com/intelops/compage/internal/languages/golang/frameworks/go-grpc-server/copier.go:285.26,289.17 3 1
github.com/intelops/compage/internal/languages/golang/frameworks/go-grpc-server/copier.go:289.17,292.4 2 0
github.com/intelops/compage/internal/languages/golang/frameworks/go-grpc-server/copier.go:293.3,293.60 1 1
github.com/intelops/compage/internal/languages/golang/frameworks/go-grpc-server/copier.go:296.2,296.23 1 1
github.com/intelops/compage/internal/languages/golang/frameworks/go-grpc-server/copier.go:299.102,304.16 3 8
github.com/intelops/compage/internal/languages/golang/frameworks/go-grpc-server/copier.go:304.16,307.3 2 0
github.com/intelops/compage/internal/languages/golang/frameworks/go-grpc-server/copier.go:308.2,313.16 4 8
github.com/intelops/compage/internal/languages/golang/frameworks/go-grpc-server/copier.go:313.16,316.3 2 0
github.com/intelops/compage/internal/languages/golang/frameworks/go-grpc-server/copier.go:317.2,322.16 4 8
github.com/intelops/compage/internal/languages/golang/frameworks/go-grpc-server/copier.go:322.16,325.3 2 0
github.com/intelops/compage/internal/languages/golang/frameworks/go-grpc-server/copier.go:326.2,329.23 3 8
github.com/intelops/compage/internal/languages/golang/frameworks/go-grpc-server/copier.go:329.23,334.17 3 4
github.com/intelops/compage/internal/languages/golang/frameworks/go-grpc-server/copier.go:334.17,337.4 2 0
github.com/intelops/compage/internal/languages/golang/frameworks/go-grpc-server/copier.go:338.3,343.17 4 4
github.com/intelops/compage/internal/languages/golang/frameworks/go-grpc-server/copier.go:343.17,346.4 2 0
github.com/intelops/compage/internal/languages/golang/frameworks/go-grpc-server/copier.go:347.3,347.60 1 4
github.com/intelops/compage/internal/languages/golang/frameworks/go-grpc-server/copier.go:348.8,348.29 1 4
github.com/intelops/compage/internal/languages/golang/frameworks/go-grpc-server/copier.go:348.29,353.17 3 1
github.com/intelops/compage/internal/languages/golang/frameworks/go-grpc-server/copier.go:353.17,356.4 2 0
github.com/intelops/compage/internal/languages/golang/frameworks/go-grpc-server/copier.go:357.3,362.17 4 1
github.com/intelops/compage/internal/languages/golang/frameworks/go-grpc-server/copier.go:362.17,365.4 2 0
github.com/intelops/compage/internal/languages/golang/frameworks/go-grpc-server/copier.go:366.3,366.60 1 1
github.com/intelops/compage/internal/languages/golang/frameworks/go-grpc-server/copier.go:367.8,367.27 1 3
github.com/intelops/compage/internal/languages/golang/frameworks/go-grpc-server/copier.go:367.27,372.17 3 1
github.com/intelops/compage/internal/languages/golang/frameworks/go-grpc-server/copier.go:372.17,375.4 2 0
github.com/intelops/compage/internal/languages/golang/frameworks/go-grpc-server/copier.go:376.3,379.17 4 1
github.com/intelops/compage/internal/languages/golang/frameworks/go-grpc-server/copier.go:379.17,382.4 2 0
github.com/intelops/compage/internal/languages/golang/frameworks/go-grpc-server/copier.go:383.3,383.60 1 1
github.com/intelops/compage/internal/languages/golang/frameworks/go-grpc-server/copier.go:384.8,384.34 1 2
github.com/intelops/compage/internal/languages/golang/frameworks/go-grpc-server/copier.go:384.34,388.17 3 1
github.com/intelops/compage/internal/languages/golang/frameworks/go-grpc-server/copier.go:388.17,391.4 2 0
github.com/intelops/compage/internal/languages/golang/frameworks/go-grpc-server/copier.go:392.3,397.17 4 1
github.com/intelops/compage/internal/languages/golang/frameworks/go-grpc-server/copier.go:397.17,400.4 2 0
github.com/intelops/compage/internal/languages/golang/frameworks/go-grpc-server/copier.go:401.3,401.60 1 1
github.com/intelops/compage/internal/languages/golang/frameworks/go-grpc-server/copier.go:402.8,402.33 1 1
github.com/intelops/compage/internal/languages/golang/frameworks/go-grpc-server/copier.go:402.33,406.17 3 1
github.com/intelops/compage/internal/languages/golang/frameworks/go-grpc-server/copier.go:406.17,409.4 2 0
github.com/intelops/compage/internal/languages/golang/frameworks/go-grpc-server/copier.go:410.3,415.17 4 1
github.com/intelops/compage/internal/languages/golang/frameworks/go-grpc-server/copier.go:415.17,418.4 2 0
github.com/intelops/compage/internal/languages/golang/frameworks/go-grpc-server/copier.go:419.3,419.60 1 1
github.com/intelops/compage/internal/languages/golang/frameworks/go-grpc-server/copier.go:421.2,421.23 1 8
github.com/intelops/compage/internal/languages/golang/frameworks/go-grpc-server/copier.go:424.75,427.35 1 9
github.com/intelops/compage/internal/languages/golang/frameworks/go-grpc-server/copier.go:427.35,429.4 1 49
github.com/intelops/compage/internal/languages/golang/frameworks/go-grpc-server/copier.go:431.47,433.4 1 42
github.com/intelops/compage/internal/languages/golang/frameworks/go-grpc-server/copier.go:435.57,437.39 2 0
github.com/intelops/compage/internal/languages/golang/frameworks/go-grpc-server/copier.go:437.39,439.5 1 0
github.com/intelops/compage/internal/languages/golang/frameworks/go-grpc-server/copier.go:440.4,440.29 1 0
github.com/intelops/compage/internal/languages/golang/frameworks/go-grpc-server/copier.go:443.67,444.82 1 14
github.com/intelops/compage/internal/languages/golang/frameworks/go-grpc-server/copier.go:444.82,446.5 1 0
github.com/intelops/compage/internal/languages/golang/frameworks/go-grpc-server/copier.go:447.4,447.94 1 14
github.com/intelops/compage/internal/languages/golang/frameworks/go-grpc-server/copier.go:450.49,452.39 2 42
github.com/intelops/compage/internal/languages/golang/frameworks/go-grpc-server/copier.go:452.39,454.5 1 0
github.com/intelops/compage/internal/languages/golang/frameworks/go-grpc-server/copier.go:455.4,455.13 1 42
github.com/intelops/compage/internal/languages/golang/frameworks/go-grpc-server/copier.go:458.2,458.16 1 9
github.com/intelops/compage/internal/languages/golang/frameworks/go-grpc-server/copier.go:462.85,471.16 6 0
github.com/intelops/compage/internal/languages/golang/frameworks/go-grpc-server/copier.go:471.16,474.3 2 0
github.com/intelops/compage/internal/languages/golang/frameworks/go-grpc-server/copier.go:475.2,479.44 3 0
github.com/intelops/compage/internal/languages/golang/frameworks/go-grpc-server/copier.go:482.85,488.42 4 9
github.com/intelops/compage/internal/languages/golang/frameworks/go-grpc-server/copier.go:488.42,492.3 3 49
github.com/intelops/compage/internal/languages/golang/frameworks/go-grpc-server/copier.go:493.2,498.15 4 9
github.com/intelops/compage/internal/languages/golang/frameworks/go-grpc-server/copier.go:498.15,499.44 1 8
github.com/intelops/compage/internal/languages/golang/frameworks/go-grpc-server/copier.go:499.44,501.18 2 5
github.com/intelops/compage/internal/languages/golang/frameworks/go-grpc-server/copier.go:501.18,504.5 2 0
github.com/intelops/compage/internal/languages/golang/frameworks/go-grpc-server/copier.go:509.2,516.12 8 9
github.com/intelops/compage/internal/languages/golang/frameworks/go-grpc-server/copier.go:519.67,528.42 8 5
github.com/intelops/compage/internal/languages/golang/frameworks/go-grpc-server/copier.go:528.42,530.17 2 21
github.com/intelops/compage/internal/languages/golang/frameworks/go-grpc-server/copier.go:530.17,533.4 2 0
github.com/intelops/compage/internal/languages/golang/frameworks/go-grpc-server/copier.go:534.3,537.82 4 21
github.com/intelops/compage/internal/languages/golang/frameworks/go-grpc-server/copier.go:540.2,553.12 8 5
github.com/intelops/compage/internal/languages/golang/frameworks/go-grpc-server/copier.go:556.183,557.40 1 21
github.com/intelops/compage/internal/languages/golang/frameworks/go-grpc-server/copier.go:557.40,558.24 1 16
github.com/intelops/compage/internal/languages/golang/frameworks/go-grpc-server/copier.go:558.24,562.4 2 0
github.com/intelops/compage/internal/languages/golang/frameworks/go-grpc-server/copier.go:562.9,566.4 2 16
github.com/intelops/compage/internal/languages/golang/frameworks/go-grpc-server/copier.go:567.8,570.24 3 5
github.com/intelops/compage/internal/languages/golang/frameworks/go-grpc-server/copier.go:570.24,574.4 2 0
github.com/intelops/compage/internal/languages/golang/frameworks/go-grpc-server/copier.go:574.9,578.4 2 5
github.com/intelops/compage/internal/languages/golang/frameworks/go-grpc-server/copier.go:580.2,580.60 1 21
github.com/intelops/compage/internal/languages/golang/frameworks/go-grpc-server/copier.go:583.194,584.31 1 21
github.com/intelops/compage/internal/languages/golang/frameworks/go-grpc-server/copier.go:584.31,585.24 1 16
github.com/intelops/compage/internal/languages/golang/frameworks/go-grpc-server/copier.go:585.24,590.4 3 0
github.com/intelops/compage/internal/languages/golang/frameworks/go-grpc-server/copier.go:590.9,595.4 3 16
github.com/intelops/compage/internal/languages/golang/frameworks/go-grpc-server/copier.go:596.8,600.24 4 5
github.com/intelops/compage/internal/languages/golang/frameworks/go-grpc-server/copier.go:600.24,605.4 3 0
github.com/intelops/compage/internal/languages/golang/frameworks/go-grpc-server/copier.go:605.9,610.4 3 5
github.com/intelops/compage/internal/languages/golang/frameworks/go-grpc-server/copier.go:612.2,612.70 1 21
github.com/intelops/compage/internal/languages/golang/frameworks/go-grpc-server/copier.go:615.120,616.32 1 21
github.com/intelops/compage/internal/languages/golang/frameworks/go-grpc-server/copier.go:616.32,617.24 1 16
github.com/intelops/compage/internal/languages/golang/frameworks/go-grpc-server/copier.go:617.24,620.4 1 0
github.com/intelops/compage/internal/languages/golang/frameworks/go-grpc-server/copier.go:620.9,623.4 1 16
github.com/intelops/compage/internal/languages/golang/frameworks/go-grpc-server/copier.go:624.8,626.24 2 5
github.com/intelops/compage/internal/languages/golang/frameworks/go-grpc-server/copier.go:626.24,629.4 1 0
github.com/intelops/compage/internal/languages/golang/frameworks/go-grpc-server/copier.go:629.9,632.4 1 5
github.com/intelops/compage/internal/languages/golang/frameworks/go-grpc-server/copier.go:634.2,634.28 1 21
github.com/intelops/compage/internal/languages/golang/frameworks/go-grpc-server/copier.go:637.137,638.31 1 21
github.com/intelops/compage/internal/languages/golang/frameworks/go-grpc-server/copier.go:638.31,639.24 1 16
github.com/intelops/compage/internal/languages/golang/frameworks/go-grpc-server/copier.go:639.24,641.4 1 0
github.com/intelops/compage/internal/languages/golang/frameworks/go-grpc-server/copier.go:641.9,643.4 1 16
github.com/intelops/compage/internal/languages/golang/frameworks/go-grpc-server/copier.go:644.8,646.24 2 5
github.com/intelops/compage/internal/languages/golang/frameworks/go-grpc-server/copier.go:646.24,648.4 1 0
github.com/intelops/compage/internal/languages/golang/frameworks/go-grpc-server/copier.go:648.9,650.4 1 5
github.com/intelops/compage/internal/languages/golang/frameworks/go-grpc-server/copier.go:652.2,652.27 1 21
github.com/intelops/compage/internal/languages/golang/frameworks/go-grpc-server/copier.go:656.44,657.45 1 0
github.com/intelops/compage/internal/languages/golang/frameworks/go-grpc-server/copier.go:657.45,659.3 1 0
github.com/intelops/compage/internal/languages/golang/frameworks/go-grpc-server/copier.go:660.2,660.46 1 0
github.com/intelops/compage/internal/languages/golang/frameworks/go-grpc-server/copier.go:660.46,662.3 1 0
github.com/intelops/compage/internal/languages/golang/frameworks/go-grpc-server/copier.go:663.2,663.12 1 0
github.com/intelops/compage/internal/languages/golang/frameworks/go-grpc-server/copier.go:667.43,669.20 1 9
github.com/intelops/compage/internal/languages/golang/frameworks/go-grpc-server/copier.go:669.20,671.57 1 9
github.com/intelops/compage/internal/languages/golang/frameworks/go-grpc-server/copier.go:671.57,673.4 1 0
github.com/intelops/compage/internal/languages/golang/frameworks/go-grpc-server/copier.go:675.3,675.40 1 9
github.com/intelops/compage/internal/languages/golang/frameworks/go-grpc-server/copier.go:675.40,676.66 1 9
github.com/intelops/compage/internal/languages/golang/frameworks/go-grpc-server/copier.go:676.66,678.5 1 0
github.com/intelops/compage/internal/languages/golang/frameworks/go-grpc-server/copier.go:682.3,686.17 4 9
github.com/intelops/compage/internal/languages/golang/frameworks/go-grpc-server/copier.go:686.17,689.4 2 0
github.com/intelops/compage/internal/languages/golang/frameworks/go-grpc-server/copier.go:690.3,692.17 3 9
github.com/intelops/compage/internal/languages/golang/frameworks/go-grpc-server/copier.go:692.17,695.4 2 0
github.com/intelops/compage/internal/languages/golang/frameworks/go-grpc-server/copier.go:697.3,697.16 1 9
github.com/intelops/compage/internal/languages/golang/frameworks/go-grpc-server/copier.go:697.16,700.25 1 8
github.com/intelops/compage/internal/languages/golang/frameworks/go-grpc-server/copier.go:700.25,705.19 4 4
github.com/intelops/compage/internal/languages/golang/frameworks/go-grpc-server/copier.go:705.19,707.6 1 0
github.com/intelops/compage/internal/languages/golang/frameworks/go-grpc-server/copier.go:708.5,709.47 2 4
github.com/intelops/compage/internal/languages/golang/frameworks/go-grpc-server/copier.go:710.10,710.31 1 4
github.com/intelops/compage/internal/languages/golang/frameworks/go-grpc-server/copier.go:710.31,715.19 4 1
github.com/intelops/compage/internal/languages/golang/frameworks/go-grpc-server/copier.go:715.19,717.6 1 0
github.com/intelops/compage/internal/languages/golang/frameworks/go-grpc-server/copier.go:718.5,719.47 2 1
github.com/intelops/compage/internal/languages/golang/frameworks/go-grpc-server/copier.go:720.10,720.36 1 3
github.com/intelops/compage/internal/languages/golang/frameworks/go-grpc-server/copier.go:720.36,725.19 4 1
github.com/intelops/compage/internal/languages/golang/frameworks/go-grpc-server/copier.go:725.19,728.6 2 0
github.com/intelops/compage/internal/languages/golang/frameworks/go-grpc-server/copier.go:729.5,730.47 2 1
github.com/intelops/compage/internal/languages/golang/frameworks/go-grpc-server/copier.go:731.10,731.35 1 2
github.com/intelops/compage/internal/languages/golang/frameworks/go-grpc-server/copier.go:731.35,736.19 4 1
github.com/intelops/compage/internal/languages/golang/frameworks/go-grpc-server/copier.go:736.19,739.6 2 0
github.com/intelops/compage/internal/languages/golang/frameworks/go-grpc-server/copier.go:740.5,741.47 2 1
github.com/intelops/compage/internal/languages/golang/frameworks/go-grpc-server/copier.go:742.10,742.29 1 1
github.com/intelops/compage/internal/languages/golang/frameworks/go-grpc-server/copier.go:742.29,747.19 4 1
github.com/intelops/compage/internal/languages/golang/frameworks/go-grpc-server/copier.go:747.19,750.6 2 0
github.com/intelops/compage/internal/languages/golang/frameworks/go-grpc-server/copier.go:751.5,752.47 2 1
github.com/intelops/compage/internal/languages/golang/frameworks/go-grpc-server/copier.go:754.9,754.25 1 1
github.com/intelops/compage/internal/languages/golang/frameworks/go-grpc-server/copier.go:754.25,757.28 1 1
github.com/intelops/compage/internal/languages/golang/frameworks/go-grpc-server/copier.go:757.28,762.19 4 1
github.com/intelops/compage/internal/languages/golang/frameworks/go-grpc-server/copier.go:762.19,765.6 2 0
github.com/intelops/compage/internal/languages/golang/frameworks/go-grpc-server/copier.go:766.5,767.47 2 1
github.com/intelops/compage/internal/languages/golang/frameworks/go-grpc-server/copier.go:771.2,771.12 1 0
github.com/intelops/compage/internal/languages/golang/frameworks/go-grpc-server/copier.go:775.44,777.56 1 1
github.com/intelops/compage/internal/languages/golang/frameworks/go-grpc-server/copier.go:777.56,779.3 1 0
github.com/intelops/compage/internal/languages/golang/frameworks/go-grpc-server/copier.go:790.2,790.20 1 1
github.com/intelops/compage/internal/languages/golang/frameworks/go-grpc-server/copier.go:790.20,792.61 1 0
github.com/intelops/compage/internal/languages/golang/frameworks/go-grpc-server/copier.go:792.61,794.4 1 0
github.com/intelops/compage/internal/languages/golang/frameworks/go-grpc-server/copier.go:797.2,797.12 1 1
github.com/intelops/compage/internal/languages/golang/frameworks/go-grpc-server/copier.go:801.47,803.16 2 10
github.com/intelops/compage/internal/languages/golang/frameworks/go-grpc-server/copier.go:803.16,805.3 1 0
github.com/intelops/compage/internal/languages/golang/frameworks/go-grpc-server/copier.go:806.2,807.17 2 10
github.com/intelops/compage/internal/languages/golang/frameworks/go-grpc-server/copier.go:807.17,809.3 1 0
github.com/intelops/compage/internal/languages/golang/frameworks/go-grpc-server/copier.go:810.2,810.40 1 10
github.com/intelops/compage/internal/languages/golang/frameworks/go-grpc-server/copier.go:813.62,814.23 1 21
github.com/intelops/compage/internal/languages/golang/frameworks/go-grpc-server/copier.go:814.23,816.3 1 14
github.com/intelops/compage/internal/languages/golang/frameworks/go-grpc-server/copier.go:816.8,816.29 1 7
github.com/intelops/compage/internal/languages/golang/frameworks/go-grpc-server/copier.go:816.29,818.3 1 7
github.com/intelops/compage/internal/languages/golang/frameworks/go-grpc-server/copier.go:819.2,819.49 1 0
github.com/intelops/compage/internal/languages/golang/frameworks/go-grpc-server/copier.go:822.58,825.16 3 0
github.com/intelops/compage/internal/languages/golang/frameworks/go-grpc-server/copier.go:825.16,827.3 1 0
github.com/intelops/compage/internal/languages/golang/frameworks/go-grpc-server/copier.go:828.2,832.44 3 0
github.com/intelops/compage/internal/languages/golang/integrations/devcontainer/copier.go:26.178,51.2 6 21
github.com/intelops/compage/internal/languages/golang/integrations/devcontainer/copier.go:54.51,56.75 2 21
github.com/intelops/compage/internal/languages/golang/integrations/devcontainer/copier.go:56.75,58.3 1 0
[...]
github.com/intelops/compage/internal/languages/python/integrations/kubernetes/copier.go:22.147,30.18 2 1
github.com/intelops/compage/internal/languages/python/integrations/kubernetes/copier.go:30.18,33.3 2 1
github.com/intelops/compage/internal/languages/python/integrations/kubernetes/copier.go:35.2,41.3 1 1
github.com/intelops/compage/internal/languages/python/integrations/kubernetes/copier.go:45.47,47.73 2 1
github.com/intelops/compage/internal/languages/python/integrations/kubernetes/copier.go:47.73,49.3 1 0
github.com/intelops/compage/internal/languages/python/integrations/kubernetes/copier.go:51.2,52.20 2 1
github.com/intelops/compage/internal/languages/python/integrations/kubernetes/copier.go:52.20,56.17 3 1
github.com/intelops/compage/internal/languages/python/integrations/kubernetes/copier.go:56.17,58.4 1 0
github.com/intelops/compage/internal/languages/python/integrations/kubernetes/copier.go:59.3,59.65 1 1
github.com/intelops/compage/internal/languages/python/integrations/kubernetes/copier.go:62.2,64.16 3 1
github.com/intelops/compage/internal/languages/python/integrations/kubernetes/copier.go:64.16,66.3 1 0
github.com/intelops/compage/internal/languages/python/integrations/kubernetes/copier.go:67.2,68.44 2 1
github.com/intelops/compage/internal/languages/ruby/context.go:10.37,12.2 1 0
github.com/intelops/compage/internal/languages/ruby/context.go:23.62,33.2 3 2
github.com/intelops/compage/internal/languages/ruby/generator.go:15.42,20.25 3 2
github.com/intelops/compage/internal/languages/ruby/generator.go:20.25,21.49 1 2
github.com/intelops/compage/internal/languages/ruby/generator.go:21.49,23.34 1 2
github.com/intelops/compage/internal/languages/ruby/generator.go:23.34,26.60 1 2
github.com/intelops/compage/internal/languages/ruby/generator.go:26.60,28.6 1 0
github.com/intelops/compage/internal/languages/ruby/generator.go:29.5,29.65 1 2
github.com/intelops/compage/internal/languages/ruby/generator.go:29.65,31.6 1 0
github.com/intelops/compage/internal/languages/ruby/generator.go:36.2,36.25 1 2
github.com/intelops/compage/internal/languages/ruby/generator.go:36.25,38.3 1 0
github.com/intelops/compage/internal/languages/ruby/generator.go:40.2,40.23 1 2
github.com/intelops/compage/internal/languages/ruby/generator.go:40.23,42.3 1 0
github.com/intelops/compage/internal/languages/ruby/generator.go:45.2,48.58 3 2
github.com/intelops/compage/internal/languages/ruby/generator.go:48.58,51.3 2 0
github.com/intelops/compage/internal/languages/ruby/generator.go:54.2,55.63 2 2
github.com/intelops/compage/internal/languages/ruby/generator.go:55.63,58.3 2 0
github.com/intelops/compage/internal/languages/ruby/generator.go:60.2,60.12 1 2
github.com/intelops/compage/internal/languages/ruby/generator.go:63.70,82.2 10 2
github.com/intelops/compage/internal/languages/ruby/models.go:19.42,21.2 1 2
github.com/intelops/compage/internal/languages/ruby/models.go:23.40,25.2 1 2
github.com/intelops/compage/internal/languages/ruby/processor.go:8.41,12.59 2 2
github.com/intelops/compage/internal/languages/ruby/processor.go:12.59,15.3 2 0
github.com/intelops/compage/internal/languages/ruby/processor.go:18.2,18.38 1 2
github.com/intelops/compage/internal/languages/ruby/processor.go:18.38,21.3 2 0
github.com/intelops/compage/internal/languages/ruby/processor.go:23.2,23.12 1 2
github.com/intelops/compage/internal/languages/ruby/integrations/devspace/copier.go:21.147,29.18 2 2
github.com/intelops/compage/internal/languages/ruby/integrations/devspace/copier.go:29.18,32.3 2 2
github.com/intelops/compage/internal/languages/ruby/integrations/devspace/copier.go:34.2,40.3 1 2
github.com/intelops/compage/internal/languages/ruby/integrations/devspace/copier.go:44.47,50.16 5 2
github.com/intelops/compage/internal/languages/ruby/integrations/devspace/copier.go:50.16,52.3 1 0
github.com/intelops/compage/internal/languages/ruby/integrations/devspace/copier.go:53.2,58.16 4 2
github.com/intelops/compage/internal/languages/ruby/integrations/devspace/copier.go:58.16,60.3 1 0
github.com/intelops/compage/internal/languages/ruby/integrations/devspace/copier.go:61.2,63.44 2 2
github.com/intelops/compage/internal/languages/ruby/integrations/kubernetes/copier.go:22.147,30.18 2 2
github.com/intelops/compage/internal/languages/ruby/integrations/kubernetes/copier.go:30.18,33.3 2 2
github.com/intelops/compage/internal/languages/ruby/integrations/kubernetes/copier.go:35.2,41.3 1 2
github.com/intelops/compage/internal/languages/ruby/integrations/kubernetes/copier.go:45.47,47.73 2 2
github.com/intelops/compage/internal/languages/ruby/integrations/kubernetes/copier.go:47.73,49.3 1 0
github.com/intelops/compage/internal/languages/ruby/integrations/kubernetes/copier.go:51.2,52.20 2 2
github.com/intelops/compage/internal/languages/ruby/integrations/kubernetes/copier.go:52.20,56.17 3 2
github.com/intelops/compage/internal/languages/ruby/integrations/kubernetes/copier.go:56.17,58.4 1 0
github.com/intelops/compage/internal/languages/ruby/integrations/kubernetes/copier.go:59.3,59.65 1 2
github.com/intelops/compage/internal/languages/ruby/integrations/kubernetes/copier.go:62.2,64.16 3 2
github.com/intelops/compage/internal/languages/ruby/integrations/kubernetes/copier.go:64.16,66.3 1 0
github.com/intelops/compage/internal/languages/ruby/integrations/kubernetes/copier.go:67.2,68.44 2 2
github.com/intelops/compage/internal/languages/rust/context.go:10.37,12.2 1 0
github.com/intelops/compage/internal/languages/rust/context.go:23.62,33.2 3 1
github.com/intelops/compage/internal/languages/rust/generator.go:14.42,19.25 3 1
github.com/intelops/compage/internal/languages/rust/generator.go:19.25,21.49 1 1
github.com/intelops/compage/internal/languages/rust/generator.go:21.49,22.34 1 1
github.com/intelops/compage/internal/languages/rust/generator.go:22.34,25.60 1 1
github.com/intelops/compage/internal/languages/rust/generator.go:25.60,27.6 1 0
github.com/intelops/compage/internal/languages/rust/generator.go:28.5,28.65 1 1
github.com/intelops/compage/internal/languages/rust/generator.go:28.65,30.6 1 0
github.com/intelops/compage/internal/languages/rust/generator.go:35.2,35.25 1 1
github.com/intelops/compage/internal/languages/rust/generator.go:35.25,37.3 1 0
github.com/intelops/compage/internal/languages/rust/generator.go:39.2,39.23 1 1
github.com/intelops/compage/internal/languages/rust/generator.go:39.23,41.3 1 0
github.com/intelops/compage/internal/languages/rust/generator.go:44.2,47.58 3 1
github.com/intelops/compage/internal/languages/rust/generator.go:47.58,50.3 2 0
github.com/intelops/compage/internal/languages/rust/generator.go:52.2,52.12 1 1
github.com/intelops/compage/internal/languages/rust/generator.go:55.70,70.2 9 1
github.com/intelops/compage/internal/languages/rust/models.go:19.42,21.2 1 1
github.com/intelops/compage/internal/languages/rust/models.go:23.40,25.2 1 1
github.com/intelops/compage/internal/languages/rust/processor.go:8.41,12.59 2 1
github.com/intelops/compage/internal/languages/rust/processor.go:12.59,15.3 2 0
github.com/intelops/compage/internal/languages/rust/processor.go:18.2,18.38 1 1
github.com/intelops/compage/internal/languages/rust/processor.go:18.38,21.3 2 0
github.com/intelops/compage/internal/languages/rust/processor.go:23.2,23.12 1 1
github.com/intelops/compage/internal/languages/rust/integrations/kubernetes/copier.go:22.147,30.18 2 1
github.com/intelops/compage/internal/languages/rust/integrations/kubernetes/copier.go:30.18,33.3 2 1
github.com/intelops/compage/internal/languages/rust/integrations/kubernetes/copier.go:35.2,41.3 1 1
github.com/intelops/compage/internal/languages/rust/integrations/kubernetes/copier.go:45.47,47.73 2 1
github.com/intelops/compage/internal/languages/rust/integrations/kubernetes/copier.go:47.73,49.3 1 0
github.com/intelops/compage/internal/languages/rust/integrations/kubernetes/copier.go:51.2,52.20 2 1
github.com/intelops/compage/internal/languages/rust/integrations/kubernetes/copier.go:52.20,56.17 3 1
github.com/intelops/compage/internal/languages/rust/integrations/kubernetes/copier.go:56.17,58.4 1 0
github.com/intelops/compage/internal/languages/rust/integrations/kubernetes/copier.go:59.3,59.65 1 1
github.com/intelops/compage/internal/languages/rust/integrations/kubernetes/copier.go:62.2,64.16 3 1
github.com/intelops/compage/internal/languages/rust/integrations/kubernetes/copier.go:64.16,66.3 1 0
github.com/intelops/compage/internal/languages/rust/integrations/kubernetes/copier.go:67.2,68.44 2 1
github.com/intelops/compage/internal/languages/typescript/context.go:10.37,12.2 1 0
github.com/intelops/compage/internal/languages/typescript/context.go:23.62,33.2 3 0
github.com/intelops/compage/internal/languages/typescript/generator.go:14.42,19.25 3 0
github.com/intelops/compage/internal/languages/typescript/generator.go:19.25,21.49 1 0
github.com/intelops/compage/internal/languages/typescript/generator.go:21.49,24.59 1 0
github.com/intelops/compage/internal/languages/typescript/generator.go:24.59,26.5 1 0
github.com/intelops/compage/internal/languages/typescript/generator.go:27.4,27.64 1 0
github.com/intelops/compage/internal/languages/typescript/generator.go:27.64,29.5 1 0
github.com/intelops/compage/internal/languages/typescript/generator.go:33.2,33.25 1 0
github.com/intelops/compage/internal/languages/typescript/generator.go:33.25,35.3 1 0
github.com/intelops/compage/internal/languages/typescript/generator.go:37.2,37.23 1 0
github.com/intelops/compage/internal/languages/typescript/generator.go:37.23,39.3 1 0
github.com/intelops/compage/internal/languages/typescript/generator.go:42.2,45.58 3 0
github.com/intelops/compage/internal/languages/typescript/generator.go:45.58,48.3 2 0
github.com/intelops/compage/internal/languages/typescript/generator.go:50.2,50.12 1 0
github.com/intelops/compage/internal/languages/typescript/generator.go:53.76,68.2 9 0
github.com/intelops/compage/internal/languages/typescript/models.go:19.48,21.2 1 0
github.com/intelops/compage/internal/languages/typescript/models.go:23.46,25.2 1 0
github.com/intelops/compage/internal/languages/typescript/processor.go:8.41,12.71 2 0
github.com/intelops/compage/internal/languages/typescript/processor.go:12.71,15.3 2 0
github.com/intelops/compage/internal/languages/typescript/processor.go:18.2,18.38 1 0
github.com/intelops/compage/internal/languages/typescript/processor.go:18.38,21.3 2 0
github.com/intelops/compage/internal/languages/typescript/processor.go:23.2,23.12 1 0
github.com/intelops/compage/internal/languages/typescript/integrations/kubernetes/copier.go:22.147,30.18 2 0
github.com/intelops/compage/internal/languages/typescript/integrations/kubernetes/copier.go:30.18,33.3 2 0
github.com/intelops/compage/internal/languages/typescript/integrations/kubernetes/copier.go:35.2,41.3 1 0
github.com/intelops/compage/internal/languages/typescript/integrations/kubernetes/copier.go:45.47,47.73 2 0
github.com/intelops/compage/internal/languages/typescript/integrations/kubernetes/copier.go:47.73,49.3 1 0
github.com/intelops/compage/internal/languages/typescript/integrations/kubernetes/copier.go:51.2,52.20 2 0
github.com/intelops/compage/internal/languages/typescript/integrations/kubernetes/copier.go:52.20,56.17 3 0
github.com/intelops/compage/internal/languages/typescript/integrations/kubernetes/copier.go:56.17,58.4 1 0
github.com/intelops/compage/internal/languages/typescript/integrations/kubernetes/copier.go:59.3,59.65 1 0
github.com/intelops/compage/internal/languages/typescript/integrations/kubernetes/copier.go:62.2,64.16 3 0
github.com/intelops/compage/internal/languages/typescript/integrations/kubernetes/copier.go:64.16,66.3 1 0
github.com/intelops/compage/internal/languages/typescript/integrations/kubernetes/copier.go:67.2,68.44 2 0
github.com/intelops/compage/internal/languages/utils/common.go:4.56,10.20 1 49
github.com/intelops/compage/internal/languages/utils/common.go:10.20,12.3 1 19
github.com/intelops/compage/internal/languages/utils/common.go:12.8,13.21 1 30
github.com/intelops/compage/internal/languages/utils/common.go:13.21,15.3 1 1
github.com/intelops/compage/internal/languages/utils/common.go:15.8,18.21 1 29
github.com/intelops/compage/internal/languages/utils/common.go:18.21,20.3 1 6
github.com/intelops/compage/internal/languages/utils/common.go:20.8,20.28 1 23
github.com/intelops/compage/internal/languages/utils/common.go:20.28,22.3 1 6
github.com/intelops/compage/internal/languages/utils/common.go:22.8,22.30 1 17
github.com/intelops/compage/internal/languages/utils/common.go:22.30,24.3 1 16
github.com/intelops/compage/internal/languages/utils/common.go:25.2,25.14 1 1
github.com/intelops/compage/internal/languages/utils/common.go:29.47,35.20 1 49
github.com/intelops/compage/internal/languages/utils/common.go:35.20,37.3 1 19
github.com/intelops/compage/internal/languages/utils/common.go:37.8,38.21 1 30
github.com/intelops/compage/internal/languages/utils/common.go:38.21,40.3 1 1
github.com/intelops/compage/internal/languages/utils/common.go:40.8,43.21 1 29
github.com/intelops/compage/internal/languages/utils/common.go:43.21,45.3 1 6
github.com/intelops/compage/internal/languages/utils/common.go:45.8,45.28 1 23
github.com/intelops/compage/internal/languages/utils/common.go:45.28,47.3 1 6
github.com/intelops/compage/internal/languages/utils/common.go:47.8,47.30 1 17
github.com/intelops/compage/internal/languages/utils/common.go:47.30,49.3 1 16
github.com/intelops/compage/internal/languages/utils/common.go:49.8,49.31 1 1
github.com/intelops/compage/internal/languages/utils/common.go:49.31,51.3 1 1
github.com/intelops/compage/internal/languages/utils/common.go:51.8,53.25 1 0
github.com/intelops/compage/internal/languages/utils/common.go:53.25,55.3 1 0
github.com/intelops/compage/internal/languages/utils/common.go:55.8,55.30 1 0
github.com/intelops/compage/internal/languages/utils/common.go:55.30,57.3 1 0
github.com/intelops/compage/internal/languages/utils/common.go:58.2,58.14 1 0
github.com/intelops/compage/internal/languages/utils/common.go:61.45,74.19 1 27
github.com/intelops/compage/internal/languages/utils/common.go:74.19,76.3 1 9
github.com/intelops/compage/internal/languages/utils/common.go:76.8,76.28 1 18
github.com/intelops/compage/internal/languages/utils/common.go:76.28,78.3 1 0
github.com/intelops/compage/internal/languages/utils/common.go:78.8,81.25 1 18
github.com/intelops/compage/internal/languages/utils/common.go:81.25,83.3 1 1
github.com/intelops/compage/internal/languages/utils/common.go:83.8,83.30 1 17
github.com/intelops/compage/internal/languages/utils/common.go:83.30,85.3 1 15
github.com/intelops/compage/internal/languages/utils/common.go:86.2,86.15 1 2
github.com/intelops/compage/internal/languages/utils/common.go:89.44,101.22 1 18
github.com/intelops/compage/internal/languages/utils/common.go:101.22,103.3 1 7
github.com/intelops/compage/internal/languages/utils/common.go:103.8,103.28 1 11
github.com/intelops/compage/internal/languages/utils/common.go:103.28,105.3 1 1
github.com/intelops/compage/internal/languages/utils/common.go:105.8,106.23 1 10
github.com/intelops/compage/internal/languages/utils/common.go:106.23,108.3 1 1
github.com/intelops/compage/internal/languages/utils/common.go:108.8,109.25 1 9
github.com/intelops/compage/internal/languages/utils/common.go:109.25,111.3 1 0
github.com/intelops/compage/internal/languages/utils/common.go:111.8,111.30 1 9
github.com/intelops/compage/internal/languages/utils/common.go:111.30,113.3 1 8
github.com/intelops/compage/internal/languages/utils/common.go:114.2,114.23 1 1
github.com/intelops/compage/internal/languages/utils/common.go:117.59,129.22 1 92
github.com/intelops/compage/internal/languages/utils/common.go:129.22,131.3 1 26
github.com/intelops/compage/internal/languages/utils/common.go:131.8,131.28 1 66
github.com/intelops/compage/internal/languages/utils/common.go:131.28,133.3 1 0
github.com/intelops/compage/internal/languages/utils/common.go:133.8,136.25 1 66
github.com/intelops/compage/internal/languages/utils/common.go:136.25,138.3 1 4
github.com/intelops/compage/internal/languages/utils/common.go:138.8,138.30 1 62
github.com/intelops/compage/internal/languages/utils/common.go:138.30,140.3 1 62
github.com/intelops/compage/internal/languages/utils/common.go:142.2,142.23 1 0
github.com/intelops/compage/internal/utils/fileUtils.go:12.50,14.2 1 131
github.com/intelops/compage/internal/utils/fileUtils.go:17.46,19.2 1 314
github.com/intelops/compage/internal/utils/fileUtils.go:22.65,24.2 1 22
github.com/intelops/compage/internal/utils/fileUtils.go:27.72,29.2 1 0
github.com/intelops/compage/internal/utils/fileUtils.go:32.93,34.16 2 22
github.com/intelops/compage/internal/utils/fileUtils.go:34.16,36.3 1 0
github.com/intelops/compage/internal/utils/fileUtils.go:38.2,39.16 2 22
github.com/intelops/compage/internal/utils/fileUtils.go:39.16,41.3 1 0
github.com/intelops/compage/internal/utils/fileUtils.go:42.2,42.23 1 22
github.com/intelops/compage/internal/utils/fileUtils.go:42.23,44.3 1 0
github.com/intelops/compage/internal/utils/fileUtils.go:46.2,46.77 1 22
github.com/intelops/compage/internal/utils/fileUtils.go:46.77,48.3 1 0
github.com/intelops/compage/internal/utils/fileUtils.go:50.2,51.16 2 22
github.com/intelops/compage/internal/utils/fileUtils.go:51.16,53.3 1 0
github.com/intelops/compage/internal/utils/fileUtils.go:54.2,54.29 1 22
github.com/intelops/compage/internal/utils/fileUtils.go:54.29,55.20 1 64
github.com/intelops/compage/internal/utils/fileUtils.go:55.20,57.19 2 10
github.com/intelops/compage/internal/utils/fileUtils.go:57.19,59.5 1 0
github.com/intelops/compage/internal/utils/fileUtils.go:60.9,60.27 1 54
github.com/intelops/compage/internal/utils/fileUtils.go:60.27,62.19 2 0
github.com/intelops/compage/internal/utils/fileUtils.go:62.19,64.5 1 0
github.com/intelops/compage/internal/utils/fileUtils.go:67.2,67.12 1 22
github.com/intelops/compage/internal/utils/fileUtils.go:71.64,73.16 2 552
github.com/intelops/compage/internal/utils/fileUtils.go:73.16,75.3 1 0
github.com/intelops/compage/internal/utils/fileUtils.go:76.2,76.37 1 552
github.com/intelops/compage/internal/utils/fileUtils.go:76.37,78.3 1 0
github.com/intelops/compage/internal/utils/fileUtils.go:80.2,81.16 2 552
github.com/intelops/compage/internal/utils/fileUtils.go:81.16,83.3 1 0
github.com/intelops/compage/internal/utils/fileUtils.go:84.2,84.30 1 552
github.com/intelops/compage/internal/utils/fileUtils.go:84.30,86.3 1 552
github.com/intelops/compage/internal/utils/fileUtils.go:88.2,89.16 2 552
github.com/intelops/compage/internal/utils/fileUtils.go:89.16,91.3 1 0
github.com/intelops/compage/internal/utils/fileUtils.go:92.2,92.35 1 552
github.com/intelops/compage/internal/utils/fileUtils.go:92.35,94.3 1 552
github.com/intelops/compage/internal/utils/fileUtils.go:95.2,95.45 1 552
github.com/intelops/compage/internal/utils/fileUtils.go:99.39,101.2 1 0
github.com/intelops/compage/internal/utils/fileUtils.go:104.83,109.91 3 22
github.com/intelops/compage/internal/utils/fileUtils.go:109.91,110.17 1 351
github.com/intelops/compage/internal/utils/fileUtils.go:110.17,112.4 1 0
github.com/intelops/compage/internal/utils/fileUtils.go:113.3,113.20 1 351
github.com/intelops/compage/internal/utils/fileUtils.go:113.20,117.28 3 161
github.com/intelops/compage/internal/utils/fileUtils.go:117.28,119.5 1 0
github.com/intelops/compage/internal/utils/fileUtils.go:120.4,120.39 1 161
github.com/intelops/compage/internal/utils/fileUtils.go:121.9,124.4 1 190
github.com/intelops/compage/internal/utils/fileUtils.go:126.3,126.13 1 351
github.com/intelops/compage/internal/utils/fileUtils.go:128.2,128.36 1 22
github.com/intelops/compage/internal/utils/fileUtils.go:131.61,132.30 1 161
github.com/intelops/compage/internal/utils/fileUtils.go:132.30,133.24 1 927
github.com/intelops/compage/internal/utils/fileUtils.go:133.24,135.4 1 0
github.com/intelops/compage/internal/utils/fileUtils.go:137.2,137.14 1 161
github.com/intelops/compage/internal/utils/projectPathUtils.go:16.54,18.2 1 59
